PRT1
405
779
4 0 4 (9464 9216 4568 ) (9216 9216 4568 ) (9216 9216 -4568 ) (9464 9216 -4568 ) 
4 0 1 (9216 9216 -4568 ) (9216 9216 4568 ) (9216 9264 4568 ) (9216 9264 -4568 ) 
4 1 7 (9216 9216 -4568 ) (9216 9216 4568 ) (8192 9216 4568 ) (8192 9216 -4568 ) 
4 1 2 (8192 9216 -4568 ) (8192 9216 4568 ) (8192 9264 4568 ) (8192 9264 -4568 ) 
4 2 8 (8192 9216 -4568 ) (8192 9216 4568 ) (7168 9216 4568 ) (7168 9216 -4568 ) 
4 2 3 (7168 9216 -4568 ) (7168 9216 4568 ) (7168 9264 4568 ) (7168 9264 -4568 ) 
4 3 16 (6144 9216 -4568 ) (6144 9216 4568 ) (6144 9264 4568 ) (6144 9264 -4568 ) 
4 3 9 (7168 9216 -4568 ) (7168 9216 4568 ) (6144 9216 4568 ) (6144 9216 -4568 ) 
4 4 7 (9216 9216 4568 ) (9216 9216 -4568 ) (9216 8192 -4568 ) (9216 8192 4568 ) 
4 4 5 (9464 8192 4568 ) (9216 8192 4568 ) (9216 8192 -4568 ) (9464 8192 -4568 ) 
4 5 10 (9216 7168 -4568 ) (9216 7168 4568 ) (9216 8192 4568 ) (9216 8192 -4568 ) 
4 5 6 (9216 7168 4568 ) (9216 7168 -4568 ) (9464 7168 -4568 ) (9464 7168 4568 ) 
4 6 40 (9464 6144 4568 ) (9216 6144 4568 ) (9216 6144 -4568 ) (9464 6144 -4568 ) 
4 6 11 (9216 6144 -4568 ) (9216 6144 4568 ) (9216 7168 4568 ) (9216 7168 -4568 ) 
4 7 10 (9216 8192 -4568 ) (9216 8192 4568 ) (8192 8192 4568 ) (8192 8192 -4568 ) 
4 7 8 (8192 9216 4568 ) (8192 9216 -4568 ) (8192 8192 -4568 ) (8192 8192 4568 ) 
4 8 12 (8192 8192 -4568 ) (8192 8192 4568 ) (7168 8192 4568 ) (7168 8192 -4568 ) 
4 8 9 (7168 8192 -4568 ) (7168 8192 4568 ) (7168 9216 4568 ) (7168 9216 -4568 ) 
4 9 19 (6144 8192 -4568 ) (6144 8192 4568 ) (6144 9216 4568 ) (6144 9216 -4568 ) 
4 9 13 (7168 8192 -4568 ) (7168 8192 4568 ) (6144 8192 4568 ) (6144 8192 -4568 ) 
4 10 12 (8192 8192 4568 ) (8192 8192 -4568 ) (8192 7168 -4568 ) (8192 7168 4568 ) 
4 10 11 (9216 7168 -4568 ) (9216 7168 4568 ) (8192 7168 4568 ) (8192 7168 -4568 ) 
4 11 43 (9216 6144 -4568 ) (9216 6144 4568 ) (8192 6144 4568 ) (8192 6144 -4568 ) 
4 11 14 (8192 6144 -4568 ) (8192 6144 4568 ) (8192 7168 4568 ) (8192 7168 -4568 ) 
4 12 14 (8192 7168 -4568 ) (8192 7168 4568 ) (7168 7168 4568 ) (7168 7168 -4568 ) 
4 12 13 (7168 8192 4568 ) (7168 8192 -4568 ) (7168 7168 -4568 ) (7168 7168 4568 ) 
4 13 22 (6144 7168 -4568 ) (6144 7168 4568 ) (6144 8192 4568 ) (6144 8192 -4568 ) 
4 13 15 (7168 7168 -4568 ) (7168 7168 4568 ) (6144 7168 4568 ) (6144 7168 -4568 ) 
4 14 44 (8192 6144 -4568 ) (8192 6144 4568 ) (7168 6144 4568 ) (7168 6144 -4568 ) 
4 14 15 (7168 7168 4568 ) (7168 7168 -4568 ) (7168 6144 -4568 ) (7168 6144 4568 ) 
4 15 45 (7168 6144 -4568 ) (7168 6144 4568 ) (6144 6144 4568 ) (6144 6144 -4568 ) 
4 15 23 (6144 6144 -4568 ) (6144 6144 4568 ) (6144 7168 4568 ) (6144 7168 -4568 ) 
4 16 19 (6144 9216 -4568 ) (6144 9216 4568 ) (5120 9216 4568 ) (5120 9216 -4568 ) 
4 16 17 (5120 9216 -4568 ) (5120 9216 4568 ) (5120 9264 4568 ) (5120 9264 -4568 ) 
4 17 20 (5120 9216 -4568 ) (5120 9216 4568 ) (4096 9216 4568 ) (4096 9216 -4568 ) 
4 17 18 (4096 9216 -4568 ) (4096 9216 4568 ) (4096 9264 4568 ) (4096 9264 -4568 ) 
4 18 28 (3072 9216 -4568 ) (3072 9216 4568 ) (3072 9264 4568 ) (3072 9264 -4568 ) 
4 18 21 (4096 9216 -4568 ) (4096 9216 4568 ) (3072 9216 4568 ) (3072 9216 -4568 ) 
4 19 22 (6144 8192 -4568 ) (6144 8192 4568 ) (5120 8192 4568 ) (5120 8192 -4568 ) 
4 19 20 (5120 8192 -4568 ) (5120 8192 4568 ) (5120 9216 4568 ) (5120 9216 -4568 ) 
4 20 24 (5120 8192 -4568 ) (5120 8192 4568 ) (4096 8192 4568 ) (4096 8192 -4568 ) 
4 20 21 (4096 9216 4568 ) (4096 9216 -4568 ) (4096 8192 -4568 ) (4096 8192 4568 ) 
4 21 31 (3072 8192 -4568 ) (3072 8192 4568 ) (3072 9216 4568 ) (3072 9216 -4568 ) 
4 21 25 (3072 8192 4568 ) (3072 8192 -4568 ) (4096 8192 -4568 ) (4096 8192 4568 ) 
4 22 24 (5120 8192 4568 ) (5120 8192 -4568 ) (5120 7168 -4568 ) (5120 7168 4568 ) 
4 22 23 (6144 7168 -4568 ) (6144 7168 4568 ) (5120 7168 4568 ) (5120 7168 -4568 ) 
4 23 64 (6144 6144 -4568 ) (6144 6144 4568 ) (5120 6144 4568 ) (5120 6144 -4568 ) 
4 23 26 (5120 6144 -4568 ) (5120 6144 4568 ) (5120 7168 4568 ) (5120 7168 -4568 ) 
4 24 26 (5120 7168 -4568 ) (5120 7168 4568 ) (4096 7168 4568 ) (4096 7168 -4568 ) 
4 24 25 (4096 8192 4568 ) (4096 8192 -4568 ) (4096 7168 -4568 ) (4096 7168 4568 ) 
4 25 34 (3072 7168 -4568 ) (3072 7168 4568 ) (3072 8192 4568 ) (3072 8192 -4568 ) 
4 25 27 (3072 7168 4568 ) (3072 7168 -4568 ) (4096 7168 -4568 ) (4096 7168 4568 ) 
4 26 65 (5120 6144 -4568 ) (5120 6144 4568 ) (4096 6144 4568 ) (4096 6144 -4568 ) 
4 26 27 (4096 7168 4568 ) (4096 7168 -4568 ) (4096 6144 -4568 ) (4096 6144 4568 ) 
4 27 66 (4096 6144 -4568 ) (4096 6144 4568 ) (3072 6144 4568 ) (3072 6144 -4568 ) 
4 27 35 (3072 6144 -4568 ) (3072 6144 4568 ) (3072 7168 4568 ) (3072 7168 -4568 ) 
4 28 31 (3072 9216 -4568 ) (3072 9216 4568 ) (2048 9216 4568 ) (2048 9216 -4568 ) 
4 28 29 (2048 9216 -4568 ) (2048 9216 4568 ) (2048 9264 4568 ) (2048 9264 -4568 ) 
4 29 32 (2048 9216 -4568 ) (2048 9216 4568 ) (1024 9216 4568 ) (1024 9216 -4568 ) 
4 29 30 (1024 9216 -4568 ) (1024 9216 4568 ) (1024 9264 4568 ) (1024 9264 -4568 ) 
4 30 100 (0 9216 -4568 ) (0 9216 4568 ) (0 9264 4568 ) (0 9264 -4568 ) 
4 30 33 (0 9216 4568 ) (0 9216 -4568 ) (1024 9216 -4568 ) (1024 9216 4568 ) 
4 31 34 (3072 8192 -4568 ) (3072 8192 4568 ) (2048 8192 4568 ) (2048 8192 -4568 ) 
4 31 32 (2048 8192 -4568 ) (2048 8192 4568 ) (2048 9216 4568 ) (2048 9216 -4568 ) 
4 32 36 (2048 8192 -4568 ) (2048 8192 4568 ) (1024 8192 4568 ) (1024 8192 -4568 ) 
4 32 33 (1024 9216 4568 ) (1024 9216 -4568 ) (1024 8192 -4568 ) (1024 8192 4568 ) 
4 33 105 (0 8192 -4568 ) (0 8192 4568 ) (0 9216 4568 ) (0 9216 -4568 ) 
4 33 37 (1024 8192 -4568 ) (1024 8192 4568 ) (0 8192 4568 ) (0 8192 -4568 ) 
4 34 36 (2048 8192 4568 ) (2048 8192 -4568 ) (2048 7168 -4568 ) (2048 7168 4568 ) 
4 34 35 (3072 7168 -4568 ) (3072 7168 4568 ) (2048 7168 4568 ) (2048 7168 -4568 ) 
4 35 73 (3072 6144 -4568 ) (3072 6144 4568 ) (2048 6144 4568 ) (2048 6144 -4568 ) 
4 35 38 (2048 6144 -4568 ) (2048 6144 4568 ) (2048 7168 4568 ) (2048 7168 -4568 ) 
4 36 38 (2048 7168 -4568 ) (2048 7168 4568 ) (1024 7168 4568 ) (1024 7168 -4568 ) 
4 36 37 (1024 8192 4568 ) (1024 8192 -4568 ) (1024 7168 -4568 ) (1024 7168 4568 ) 
4 37 107 (0 7168 -4568 ) (0 7168 4568 ) (0 8192 4568 ) (0 8192 -4568 ) 
4 37 39 (1024 7168 -4568 ) (1024 7168 4568 ) (0 7168 4568 ) (0 7168 -4568 ) 
4 38 74 (2048 6144 -4568 ) (2048 6144 4568 ) (1024 6144 4568 ) (1024 6144 -4568 ) 
4 38 39 (1024 7168 4568 ) (1024 7168 -4568 ) (1024 6144 -4568 ) (1024 6144 4568 ) 
4 39 109 (0 6144 -4568 ) (0 6144 4568 ) (0 7168 4568 ) (0 7168 -4568 ) 
4 39 75 (1024 6144 -4568 ) (1024 6144 4568 ) (0 6144 4568 ) (0 6144 -4568 ) 
4 40 43 (9216 6144 4568 ) (9216 6144 -4568 ) (9216 5120 -4568 ) (9216 5120 4568 ) 
4 40 41 (9464 5120 4568 ) (9216 5120 4568 ) (9216 5120 -4568 ) (9464 5120 -4568 ) 
4 41 46 (9216 4096 -4568 ) (9216 4096 4568 ) (9216 5120 4568 ) (9216 5120 -4568 ) 
4 41 42 (9216 4096 4568 ) (9216 4096 -4568 ) (9464 4096 -4568 ) (9464 4096 4568 ) 
4 42 52 (9464 3072 4568 ) (9216 3072 4568 ) (9216 3072 -4568 ) (9464 3072 -4568 ) 
4 42 47 (9216 3072 -4568 ) (9216 3072 4568 ) (9216 4096 4568 ) (9216 4096 -4568 ) 
4 43 46 (9216 5120 -4568 ) (9216 5120 4568 ) (8192 5120 4568 ) (8192 5120 -4568 ) 
4 43 44 (8192 6144 4568 ) (8192 6144 -4568 ) (8192 5120 -4568 ) (8192 5120 4568 ) 
4 44 48 (8192 5120 -4568 ) (8192 5120 4568 ) (7168 5120 4568 ) (7168 5120 -4568 ) 
4 44 45 (7168 5120 -4568 ) (7168 5120 4568 ) (7168 6144 4568 ) (7168 6144 -4568 ) 
4 45 64 (6144 6144 4568 ) (6144 6144 -4568 ) (6144 5120 -4568 ) (6144 5120 4568 ) 
4 45 49 (7168 5120 -4568 ) (7168 5120 4568 ) (6144 5120 4568 ) (6144 5120 -4568 ) 
4 46 48 (8192 5120 4568 ) (8192 5120 -4568 ) (8192 4096 -4568 ) (8192 4096 4568 ) 
4 46 47 (9216 4096 -4568 ) (9216 4096 4568 ) (8192 4096 4568 ) (8192 4096 -4568 ) 
4 47 55 (9216 3072 -4568 ) (9216 3072 4568 ) (8192 3072 4568 ) (8192 3072 -4568 ) 
4 47 50 (8192 3072 -4568 ) (8192 3072 4568 ) (8192 4096 4568 ) (8192 4096 -4568 ) 
4 48 50 (8192 4096 -4568 ) (8192 4096 4568 ) (7168 4096 4568 ) (7168 4096 -4568 ) 
4 48 49 (7168 5120 4568 ) (7168 5120 -4568 ) (7168 4096 -4568 ) (7168 4096 4568 ) 
4 49 67 (6144 4096 -4568 ) (6144 4096 4568 ) (6144 5120 4568 ) (6144 5120 -4568 ) 
4 49 51 (7168 4096 -4568 ) (7168 4096 4568 ) (6144 4096 4568 ) (6144 4096 -4568 ) 
4 50 56 (8192 3072 -4568 ) (8192 3072 4568 ) (7168 3072 4568 ) (7168 3072 -4568 ) 
4 50 51 (7168 4096 4568 ) (7168 4096 -4568 ) (7168 3072 -4568 ) (7168 3072 4568 ) 
4 51 68 (6144 3072 -4568 ) (6144 3072 4568 ) (6144 4096 4568 ) (6144 4096 -4568 ) 
4 51 57 (7168 3072 -4568 ) (7168 3072 4568 ) (6144 3072 4568 ) (6144 3072 -4568 ) 
4 52 55 (9216 3072 4568 ) (9216 3072 -4568 ) (9216 2048 -4568 ) (9216 2048 4568 ) 
4 52 53 (9464 2048 4568 ) (9216 2048 4568 ) (9216 2048 -4568 ) (9464 2048 -4568 ) 
4 53 58 (9216 1024 -4568 ) (9216 1024 4568 ) (9216 2048 4568 ) (9216 2048 -4568 ) 
4 53 54 (9216 1024 4568 ) (9216 1024 -4568 ) (9464 1024 -4568 ) (9464 1024 4568 ) 
4 54 200 (9464 0 4568 ) (9216 0 4568 ) (9216 0 -4568 ) (9464 0 -4568 ) 
4 54 59 (9216 0 -4568 ) (9216 0 4568 ) (9216 1024 4568 ) (9216 1024 -4568 ) 
4 55 58 (9216 2048 -4568 ) (9216 2048 4568 ) (8192 2048 4568 ) (8192 2048 -4568 ) 
4 55 56 (8192 3072 4568 ) (8192 3072 -4568 ) (8192 2048 -4568 ) (8192 2048 4568 ) 
4 56 60 (8192 2048 -4568 ) (8192 2048 4568 ) (7168 2048 4568 ) (7168 2048 -4568 ) 
4 56 57 (7168 2048 -4568 ) (7168 2048 4568 ) (7168 3072 4568 ) (7168 3072 -4568 ) 
4 57 82 (6144 2048 -4568 ) (6144 2048 4568 ) (6144 3072 4568 ) (6144 3072 -4568 ) 
4 57 61 (7168 2048 -4568 ) (7168 2048 4568 ) (6144 2048 4568 ) (6144 2048 -4568 ) 
4 58 60 (8192 2048 4568 ) (8192 2048 -4568 ) (8192 1024 -4568 ) (8192 1024 4568 ) 
4 58 59 (9216 1024 -4568 ) (9216 1024 4568 ) (8192 1024 4568 ) (8192 1024 -4568 ) 
4 59 202 (9216 0 -4568 ) (9216 0 4568 ) (8192 0 4568 ) (8192 0 -4568 ) 
4 59 62 (8192 0 -4568 ) (8192 0 4568 ) (8192 1024 4568 ) (8192 1024 -4568 ) 
4 60 62 (8192 1024 -4568 ) (8192 1024 4568 ) (7168 1024 4568 ) (7168 1024 -4568 ) 
4 60 61 (7168 2048 4568 ) (7168 2048 -4568 ) (7168 1024 -4568 ) (7168 1024 4568 ) 
4 61 85 (6144 1024 -4568 ) (6144 1024 4568 ) (6144 2048 4568 ) (6144 2048 -4568 ) 
4 61 63 (7168 1024 -4568 ) (7168 1024 4568 ) (6144 1024 4568 ) (6144 1024 -4568 ) 
4 62 204 (8192 0 -4568 ) (8192 0 4568 ) (7168 0 4568 ) (7168 0 -4568 ) 
4 62 63 (7168 1024 4568 ) (7168 1024 -4568 ) (7168 0 -4568 ) (7168 0 4568 ) 
4 63 205 (7168 0 -4568 ) (7168 0 4568 ) (6144 0 4568 ) (6144 0 -4568 ) 
4 63 86 (6144 0 -4568 ) (6144 0 4568 ) (6144 1024 4568 ) (6144 1024 -4568 ) 
4 64 67 (6144 5120 -4568 ) (6144 5120 4568 ) (5120 5120 4568 ) (5120 5120 -4568 ) 
4 64 65 (5120 6144 4568 ) (5120 6144 -4568 ) (5120 5120 -4568 ) (5120 5120 4568 ) 
4 65 69 (5120 5120 -4568 ) (5120 5120 4568 ) (4096 5120 4568 ) (4096 5120 -4568 ) 
4 65 66 (4096 5120 -4568 ) (4096 5120 4568 ) (4096 6144 4568 ) (4096 6144 -4568 ) 
4 66 73 (3072 6144 4568 ) (3072 6144 -4568 ) (3072 5120 -4568 ) (3072 5120 4568 ) 
4 66 70 (4096 5120 -4568 ) (4096 5120 4568 ) (3072 5120 4568 ) (3072 5120 -4568 ) 
4 67 69 (5120 5120 4568 ) (5120 5120 -4568 ) (5120 4096 -4568 ) (5120 4096 4568 ) 
4 67 68 (6144 4096 -4568 ) (6144 4096 4568 ) (5120 4096 4568 ) (5120 4096 -4568 ) 
4 68 82 (6144 3072 -4568 ) (6144 3072 4568 ) (5120 3072 4568 ) (5120 3072 -4568 ) 
4 68 71 (5120 3072 -4568 ) (5120 3072 4568 ) (5120 4096 4568 ) (5120 4096 -4568 ) 
4 69 71 (5120 4096 -4568 ) (5120 4096 4568 ) (4096 4096 4568 ) (4096 4096 -4568 ) 
4 69 70 (4096 5120 4568 ) (4096 5120 -4568 ) (4096 4096 -4568 ) (4096 4096 4568 ) 
4 70 76 (3072 4096 -4568 ) (3072 4096 4568 ) (3072 5120 4568 ) (3072 5120 -4568 ) 
4 70 72 (4096 4096 -4568 ) (4096 4096 4568 ) (3072 4096 4568 ) (3072 4096 -4568 ) 
4 71 83 (5120 3072 -4568 ) (5120 3072 4568 ) (4096 3072 4568 ) (4096 3072 -4568 ) 
4 71 72 (4096 4096 4568 ) (4096 4096 -4568 ) (4096 3072 -4568 ) (4096 3072 4568 ) 
4 72 84 (4096 3072 -4568 ) (4096 3072 4568 ) (3072 3072 4568 ) (3072 3072 -4568 ) 
4 72 77 (3072 3072 -4568 ) (3072 3072 4568 ) (3072 4096 4568 ) (3072 4096 -4568 ) 
4 73 76 (3072 5120 -4568 ) (3072 5120 4568 ) (2048 5120 4568 ) (2048 5120 -4568 ) 
4 73 74 (2048 6144 4568 ) (2048 6144 -4568 ) (2048 5120 -4568 ) (2048 5120 4568 ) 
4 74 78 (2048 5120 -4568 ) (2048 5120 4568 ) (1024 5120 4568 ) (1024 5120 -4568 ) 
4 74 75 (1024 5120 -4568 ) (1024 5120 4568 ) (1024 6144 4568 ) (1024 6144 -4568 ) 
4 75 140 (0 5120 -4568 ) (0 5120 4568 ) (0 6144 4568 ) (0 6144 -4568 ) 
4 75 79 (1024 5120 -4568 ) (1024 5120 4568 ) (0 5120 4568 ) (0 5120 -4568 ) 
4 76 78 (2048 5120 4568 ) (2048 5120 -4568 ) (2048 4096 -4568 ) (2048 4096 4568 ) 
4 76 77 (3072 4096 -4568 ) (3072 4096 4568 ) (2048 4096 4568 ) (2048 4096 -4568 ) 
4 77 91 (3072 3072 -4568 ) (3072 3072 4568 ) (2048 3072 4568 ) (2048 3072 -4568 ) 
4 77 80 (2048 3072 -4568 ) (2048 3072 4568 ) (2048 4096 4568 ) (2048 4096 -4568 ) 
4 78 80 (2048 4096 -4568 ) (2048 4096 4568 ) (1024 4096 4568 ) (1024 4096 -4568 ) 
4 78 79 (1024 5120 4568 ) (1024 5120 -4568 ) (1024 4096 -4568 ) (1024 4096 4568 ) 
4 79 142 (0 4096 -4568 ) (0 4096 4568 ) (0 5120 4568 ) (0 5120 -4568 ) 
4 79 81 (1024 4096 -4568 ) (1024 4096 4568 ) (0 4096 4568 ) (0 4096 -4568 ) 
4 80 92 (2048 3072 -4568 ) (2048 3072 4568 ) (1024 3072 4568 ) (1024 3072 -4568 ) 
4 80 81 (1024 4096 4568 ) (1024 4096 -4568 ) (1024 3072 -4568 ) (1024 3072 4568 ) 
4 81 144 (0 3072 -4568 ) (0 3072 4568 ) (0 4096 4568 ) (0 4096 -4568 ) 
4 81 93 (1024 3072 -4568 ) (1024 3072 4568 ) (0 3072 4568 ) (0 3072 -4568 ) 
4 82 85 (6144 2048 -4568 ) (6144 2048 4568 ) (5120 2048 4568 ) (5120 2048 -4568 ) 
4 82 83 (5120 3072 4568 ) (5120 3072 -4568 ) (5120 2048 -4568 ) (5120 2048 4568 ) 
4 83 87 (5120 2048 -4568 ) (5120 2048 4568 ) (4096 2048 4568 ) (4096 2048 -4568 ) 
4 83 84 (4096 2048 -4568 ) (4096 2048 4568 ) (4096 3072 4568 ) (4096 3072 -4568 ) 
4 84 91 (3072 3072 4568 ) (3072 3072 -4568 ) (3072 2048 -4568 ) (3072 2048 4568 ) 
4 84 88 (4096 2048 -4568 ) (4096 2048 4568 ) (3072 2048 4568 ) (3072 2048 -4568 ) 
4 85 87 (5120 2048 4568 ) (5120 2048 -4568 ) (5120 1024 -4568 ) (5120 1024 4568 ) 
4 85 86 (6144 1024 -4568 ) (6144 1024 4568 ) (5120 1024 4568 ) (5120 1024 -4568 ) 
4 86 220 (6144 0 -4568 ) (6144 0 4568 ) (5120 0 4568 ) (5120 0 -4568 ) 
4 86 89 (5120 0 -4568 ) (5120 0 4568 ) (5120 1024 4568 ) (5120 1024 -4568 ) 
4 87 89 (5120 1024 -4568 ) (5120 1024 4568 ) (4096 1024 4568 ) (4096 1024 -4568 ) 
4 87 88 (4096 2048 4568 ) (4096 2048 -4568 ) (4096 1024 -4568 ) (4096 1024 4568 ) 
4 88 94 (3072 1024 -4568 ) (3072 1024 4568 ) (3072 2048 4568 ) (3072 2048 -4568 ) 
4 88 90 (4096 1024 -4568 ) (4096 1024 4568 ) (3072 1024 4568 ) (3072 1024 -4568 ) 
4 89 222 (5120 0 -4568 ) (5120 0 4568 ) (4096 0 4568 ) (4096 0 -4568 ) 
4 89 90 (4096 1024 4568 ) (4096 1024 -4568 ) (4096 0 -4568 ) (4096 0 4568 ) 
4 90 223 (4096 0 -4568 ) (4096 0 4568 ) (3072 0 4568 ) (3072 0 -4568 ) 
4 90 95 (3072 0 -4568 ) (3072 0 4568 ) (3072 1024 4568 ) (3072 1024 -4568 ) 
4 91 94 (3072 2048 -4568 ) (3072 2048 4568 ) (2048 2048 4568 ) (2048 2048 -4568 ) 
4 91 92 (2048 3072 4568 ) (2048 3072 -4568 ) (2048 2048 -4568 ) (2048 2048 4568 ) 
4 92 96 (2048 2048 -4568 ) (2048 2048 4568 ) (1024 2048 4568 ) (1024 2048 -4568 ) 
4 92 93 (1024 2048 -4568 ) (1024 2048 4568 ) (1024 3072 4568 ) (1024 3072 -4568 ) 
4 93 155 (0 2048 -4568 ) (0 2048 4568 ) (0 3072 4568 ) (0 3072 -4568 ) 
4 93 97 (1024 2048 -4568 ) (1024 2048 4568 ) (0 2048 4568 ) (0 2048 -4568 ) 
4 94 96 (2048 2048 4568 ) (2048 2048 -4568 ) (2048 1024 -4568 ) (2048 1024 4568 ) 
4 94 95 (3072 1024 -4568 ) (3072 1024 4568 ) (2048 1024 4568 ) (2048 1024 -4568 ) 
4 95 235 (3072 0 -4568 ) (3072 0 4568 ) (2048 0 4568 ) (2048 0 -4568 ) 
4 95 98 (2048 0 -4568 ) (2048 0 4568 ) (2048 1024 4568 ) (2048 1024 -4568 ) 
4 96 98 (2048 1024 -4568 ) (2048 1024 4568 ) (1024 1024 4568 ) (1024 1024 -4568 ) 
4 96 97 (1024 2048 4568 ) (1024 2048 -4568 ) (1024 1024 -4568 ) (1024 1024 4568 ) 
4 97 157 (0 1024 -4568 ) (0 1024 4568 ) (0 2048 4568 ) (0 2048 -4568 ) 
4 97 99 (1024 1024 -4568 ) (1024 1024 4568 ) (0 1024 4568 ) (0 1024 -4568 ) 
4 98 237 (2048 0 -4568 ) (2048 0 4568 ) (1024 0 4568 ) (1024 0 -4568 ) 
4 98 99 (1024 1024 4568 ) (1024 1024 -4568 ) (1024 0 -4568 ) (1024 0 4568 ) 
4 99 238 (1024 0 -4568 ) (1024 0 4568 ) (0 0 4568 ) (0 0 -4568 ) 
4 99 159 (0 0 -4568 ) (0 0 4568 ) (0 1024 4568 ) (0 1024 -4568 ) 
4 100 105 (0 9216 -4568 ) (0 9216 4568 ) (-1024 9216 4568 ) (-1024 9216 -4568 ) 
4 100 101 (-1024 9216 -4568 ) (-1024 9216 4568 ) (-1024 9264 4568 ) (-1024 9264 -4568 ) 
4 101 106 (-1024 9216 -4568 ) (-1024 9216 4568 ) (-2048 9216 4568 ) (-2048 9216 -4568 ) 
4 101 102 (-2048 9216 -4568 ) (-2048 9216 4568 ) (-2048 9264 4568 ) (-2048 9264 -4568 ) 
4 102 111 (-2048 9216 -4568 ) (-2048 9216 4568 ) (-3072 9216 4568 ) (-3072 9216 -4568 ) 
4 102 103 (-3072 9216 -4568 ) (-3072 9216 4568 ) (-3072 9264 4568 ) (-3072 9264 -4568 ) 
4 103 112 (-3072 9216 -4568 ) (-3072 9216 4568 ) (-4096 9216 4568 ) (-4096 9216 -4568 ) 
4 103 104 (-4096 9216 -4568 ) (-4096 9216 4568 ) (-4096 9264 4568 ) (-4096 9264 -4568 ) 
4 104 120 (-5120 9216 -4568 ) (-5120 9216 4568 ) (-5120 9264 4568 ) (-5120 9264 -4568 ) 
4 104 113 (-4096 9216 -4568 ) (-4096 9216 4568 ) (-5120 9216 4568 ) (-5120 9216 -4568 ) 
4 105 107 (0 8192 -4568 ) (0 8192 4568 ) (-1024 8192 4568 ) (-1024 8192 -4568 ) 
4 105 106 (-1024 9216 4568 ) (-1024 9216 -4568 ) (-1024 8192 -4568 ) (-1024 8192 4568 ) 
4 106 111 (-2048 9216 4568 ) (-2048 9216 -4568 ) (-2048 8192 -4568 ) (-2048 8192 4568 ) 
4 106 108 (-1024 8192 -4568 ) (-1024 8192 4568 ) (-2048 8192 4568 ) (-2048 8192 -4568 ) 
4 107 109 (0 7168 -4568 ) (0 7168 4568 ) (-1024 7168 4568 ) (-1024 7168 -4568 ) 
4 107 108 (-1024 7168 -4568 ) (-1024 7168 4568 ) (-1024 8192 4568 ) (-1024 8192 -4568 ) 
4 108 114 (-2048 7168 -4568 ) (-2048 7168 4568 ) (-2048 8192 4568 ) (-2048 8192 -4568 ) 
4 108 110 (-2048 7168 4568 ) (-2048 7168 -4568 ) (-1024 7168 -4568 ) (-1024 7168 4568 ) 
4 109 140 (0 6144 -4568 ) (0 6144 4568 ) (-1024 6144 4568 ) (-1024 6144 -4568 ) 
4 109 110 (-1024 7168 4568 ) (-1024 7168 -4568 ) (-1024 6144 -4568 ) (-1024 6144 4568 ) 
4 110 141 (-1024 6144 -4568 ) (-1024 6144 4568 ) (-2048 6144 4568 ) (-2048 6144 -4568 ) 
4 110 115 (-2048 6144 -4568 ) (-2048 6144 4568 ) (-2048 7168 4568 ) (-2048 7168 -4568 ) 
4 111 114 (-2048 8192 -4568 ) (-2048 8192 4568 ) (-3072 8192 4568 ) (-3072 8192 -4568 ) 
4 111 112 (-3072 9216 4568 ) (-3072 9216 -4568 ) (-3072 8192 -4568 ) (-3072 8192 4568 ) 
4 112 116 (-3072 8192 -4568 ) (-3072 8192 4568 ) (-4096 8192 4568 ) (-4096 8192 -4568 ) 
4 112 113 (-4096 8192 -4568 ) (-4096 8192 4568 ) (-4096 9216 4568 ) (-4096 9216 -4568 ) 
4 113 123 (-5120 8192 -4568 ) (-5120 8192 4568 ) (-5120 9216 4568 ) (-5120 9216 -4568 ) 
4 113 117 (-4096 8192 -4568 ) (-4096 8192 4568 ) (-5120 8192 4568 ) (-5120 8192 -4568 ) 
4 114 116 (-3072 8192 4568 ) (-3072 8192 -4568 ) (-3072 7168 -4568 ) (-3072 7168 4568 ) 
4 114 115 (-2048 7168 -4568 ) (-2048 7168 4568 ) (-3072 7168 4568 ) (-3072 7168 -4568 ) 
4 115 146 (-2048 6144 -4568 ) (-2048 6144 4568 ) (-3072 6144 4568 ) (-3072 6144 -4568 ) 
4 115 118 (-3072 6144 -4568 ) (-3072 6144 4568 ) (-3072 7168 4568 ) (-3072 7168 -4568 ) 
4 116 118 (-3072 7168 -4568 ) (-3072 7168 4568 ) (-4096 7168 4568 ) (-4096 7168 -4568 ) 
4 116 117 (-4096 8192 4568 ) (-4096 8192 -4568 ) (-4096 7168 -4568 ) (-4096 7168 4568 ) 
4 117 126 (-5120 7168 -4568 ) (-5120 7168 4568 ) (-5120 8192 4568 ) (-5120 8192 -4568 ) 
4 117 119 (-4096 7168 -4568 ) (-4096 7168 4568 ) (-5120 7168 4568 ) (-5120 7168 -4568 ) 
4 118 147 (-3072 6144 -4568 ) (-3072 6144 4568 ) (-4096 6144 4568 ) (-4096 6144 -4568 ) 
4 118 119 (-4096 7168 4568 ) (-4096 7168 -4568 ) (-4096 6144 -4568 ) (-4096 6144 4568 ) 
4 119 148 (-4096 6144 -4568 ) (-4096 6144 4568 ) (-5120 6144 4568 ) (-5120 6144 -4568 ) 
4 119 127 (-5120 6144 -4568 ) (-5120 6144 4568 ) (-5120 7168 4568 ) (-5120 7168 -4568 ) 
4 120 123 (-5120 9216 -4568 ) (-5120 9216 4568 ) (-6144 9216 4568 ) (-6144 9216 -4568 ) 
4 120 121 (-6144 9216 -4568 ) (-6144 9216 4568 ) (-6144 9264 4568 ) (-6144 9264 -4568 ) 
4 121 124 (-6144 9216 -4568 ) (-6144 9216 4568 ) (-7168 9216 4568 ) (-7168 9216 -4568 ) 
4 121 122 (-7168 9216 -4568 ) (-7168 9216 4568 ) (-7168 9264 4568 ) (-7168 9264 -4568 ) 
4 122 132 (-8192 9216 -4568 ) (-8192 9216 4568 ) (-8192 9264 4568 ) (-8192 9264 -4568 ) 
4 122 125 (-7168 9216 -4568 ) (-7168 9216 4568 ) (-8192 9216 4568 ) (-8192 9216 -4568 ) 
4 123 126 (-5120 8192 -4568 ) (-5120 8192 4568 ) (-6144 8192 4568 ) (-6144 8192 -4568 ) 
4 123 124 (-6144 8192 -4568 ) (-6144 8192 4568 ) (-6144 9216 4568 ) (-6144 9216 -4568 ) 
4 124 128 (-6144 8192 -4568 ) (-6144 8192 4568 ) (-7168 8192 4568 ) (-7168 8192 -4568 ) 
4 124 125 (-7168 9216 4568 ) (-7168 9216 -4568 ) (-7168 8192 -4568 ) (-7168 8192 4568 ) 
4 125 134 (-8192 8192 -4568 ) (-8192 8192 4568 ) (-8192 9216 4568 ) (-8192 9216 -4568 ) 
4 125 129 (-8192 8192 4568 ) (-8192 8192 -4568 ) (-7168 8192 -4568 ) (-7168 8192 4568 ) 
4 126 128 (-6144 8192 4568 ) (-6144 8192 -4568 ) (-6144 7168 -4568 ) (-6144 7168 4568 ) 
4 126 127 (-5120 7168 -4568 ) (-5120 7168 4568 ) (-6144 7168 4568 ) (-6144 7168 -4568 ) 
4 127 170 (-5120 6144 -4568 ) (-5120 6144 4568 ) (-6144 6144 4568 ) (-6144 6144 -4568 ) 
4 127 130 (-6144 6144 -4568 ) (-6144 6144 4568 ) (-6144 7168 4568 ) (-6144 7168 -4568 ) 
4 128 130 (-6144 7168 -4568 ) (-6144 7168 4568 ) (-7168 7168 4568 ) (-7168 7168 -4568 ) 
4 128 129 (-7168 8192 4568 ) (-7168 8192 -4568 ) (-7168 7168 -4568 ) (-7168 7168 4568 ) 
4 129 136 (-8192 7168 -4568 ) (-8192 7168 4568 ) (-8192 8192 4568 ) (-8192 8192 -4568 ) 
4 129 131 (-8192 7168 4568 ) (-8192 7168 -4568 ) (-7168 7168 -4568 ) (-7168 7168 4568 ) 
4 130 171 (-6144 6144 -4568 ) (-6144 6144 4568 ) (-7168 6144 4568 ) (-7168 6144 -4568 ) 
4 130 131 (-7168 7168 4568 ) (-7168 7168 -4568 ) (-7168 6144 -4568 ) (-7168 6144 4568 ) 
4 131 172 (-7168 6144 -4568 ) (-7168 6144 4568 ) (-8192 6144 4568 ) (-8192 6144 -4568 ) 
4 131 137 (-8192 6144 -4568 ) (-8192 6144 4568 ) (-8192 7168 4568 ) (-8192 7168 -4568 ) 
4 132 134 (-8192 9216 -4568 ) (-8192 9216 4568 ) (-9216 9216 4568 ) (-9216 9216 -4568 ) 
4 132 133 (-9216 9216 -4568 ) (-9216 9216 4568 ) (-9216 9264 4568 ) (-9216 9264 -4568 ) 
4 133 135 (-9216 9216 -4568 ) (-9216 9216 4568 ) (-9464 9216 4568 ) (-9464 9216 -4568 ) 
4 134 136 (-8192 8192 -4568 ) (-8192 8192 4568 ) (-9216 8192 4568 ) (-9216 8192 -4568 ) 
4 134 135 (-9216 8192 -4568 ) (-9216 8192 4568 ) (-9216 9216 4568 ) (-9216 9216 -4568 ) 
4 135 138 (-9216 8192 -4568 ) (-9216 8192 4568 ) (-9464 8192 4568 ) (-9464 8192 -4568 ) 
4 136 138 (-9216 8192 4568 ) (-9216 8192 -4568 ) (-9216 7168 -4568 ) (-9216 7168 4568 ) 
4 136 137 (-8192 7168 -4568 ) (-8192 7168 4568 ) (-9216 7168 4568 ) (-9216 7168 -4568 ) 
4 137 179 (-8192 6144 -4568 ) (-8192 6144 4568 ) (-9216 6144 4568 ) (-9216 6144 -4568 ) 
4 137 139 (-9216 6144 -4568 ) (-9216 6144 4568 ) (-9216 7168 4568 ) (-9216 7168 -4568 ) 
4 138 139 (-9216 7168 -4568 ) (-9216 7168 4568 ) (-9464 7168 4568 ) (-9464 7168 -4568 ) 
4 139 180 (-9216 6144 -4568 ) (-9216 6144 4568 ) (-9464 6144 4568 ) (-9464 6144 -4568 ) 
4 140 142 (0 5120 -4568 ) (0 5120 4568 ) (-1024 5120 4568 ) (-1024 5120 -4568 ) 
4 140 141 (-1024 6144 4568 ) (-1024 6144 -4568 ) (-1024 5120 -4568 ) (-1024 5120 4568 ) 
4 141 146 (-2048 6144 4568 ) (-2048 6144 -4568 ) (-2048 5120 -4568 ) (-2048 5120 4568 ) 
4 141 143 (-1024 5120 -4568 ) (-1024 5120 4568 ) (-2048 5120 4568 ) (-2048 5120 -4568 ) 
4 142 144 (0 4096 -4568 ) (0 4096 4568 ) (-1024 4096 4568 ) (-1024 4096 -4568 ) 
4 142 143 (-1024 4096 -4568 ) (-1024 4096 4568 ) (-1024 5120 4568 ) (-1024 5120 -4568 ) 
4 143 149 (-2048 4096 -4568 ) (-2048 4096 4568 ) (-2048 5120 4568 ) (-2048 5120 -4568 ) 
4 143 145 (-2048 4096 4568 ) (-2048 4096 -4568 ) (-1024 4096 -4568 ) (-1024 4096 4568 ) 
4 144 155 (0 3072 -4568 ) (0 3072 4568 ) (-1024 3072 4568 ) (-1024 3072 -4568 ) 
4 144 145 (-1024 4096 4568 ) (-1024 4096 -4568 ) (-1024 3072 -4568 ) (-1024 3072 4568 ) 
4 145 156 (-1024 3072 -4568 ) (-1024 3072 4568 ) (-2048 3072 4568 ) (-2048 3072 -4568 ) 
4 145 150 (-2048 3072 -4568 ) (-2048 3072 4568 ) (-2048 4096 4568 ) (-2048 4096 -4568 ) 
4 146 149 (-2048 5120 -4568 ) (-2048 5120 4568 ) (-3072 5120 4568 ) (-3072 5120 -4568 ) 
4 146 147 (-3072 6144 4568 ) (-3072 6144 -4568 ) (-3072 5120 -4568 ) (-3072 5120 4568 ) 
4 147 151 (-3072 5120 -4568 ) (-3072 5120 4568 ) (-4096 5120 4568 ) (-4096 5120 -4568 ) 
4 147 148 (-4096 5120 -4568 ) (-4096 5120 4568 ) (-4096 6144 4568 ) (-4096 6144 -4568 ) 
4 148 170 (-5120 6144 4568 ) (-5120 6144 -4568 ) (-5120 5120 -4568 ) (-5120 5120 4568 ) 
4 148 152 (-4096 5120 -4568 ) (-4096 5120 4568 ) (-5120 5120 4568 ) (-5120 5120 -4568 ) 
4 149 151 (-3072 5120 4568 ) (-3072 5120 -4568 ) (-3072 4096 -4568 ) (-3072 4096 4568 ) 
4 149 150 (-2048 4096 -4568 ) (-2048 4096 4568 ) (-3072 4096 4568 ) (-3072 4096 -4568 ) 
4 150 161 (-2048 3072 -4568 ) (-2048 3072 4568 ) (-3072 3072 4568 ) (-3072 3072 -4568 ) 
4 150 153 (-3072 3072 -4568 ) (-3072 3072 4568 ) (-3072 4096 4568 ) (-3072 4096 -4568 ) 
4 151 153 (-3072 4096 -4568 ) (-3072 4096 4568 ) (-4096 4096 4568 ) (-4096 4096 -4568 ) 
4 151 152 (-4096 5120 4568 ) (-4096 5120 -4568 ) (-4096 4096 -4568 ) (-4096 4096 4568 ) 
4 152 173 (-5120 4096 -4568 ) (-5120 4096 4568 ) (-5120 5120 4568 ) (-5120 5120 -4568 ) 
4 152 154 (-4096 4096 -4568 ) (-4096 4096 4568 ) (-5120 4096 4568 ) (-5120 4096 -4568 ) 
4 153 162 (-3072 3072 -4568 ) (-3072 3072 4568 ) (-4096 3072 4568 ) (-4096 3072 -4568 ) 
4 153 154 (-4096 4096 4568 ) (-4096 4096 -4568 ) (-4096 3072 -4568 ) (-4096 3072 4568 ) 
4 154 174 (-5120 3072 -4568 ) (-5120 3072 4568 ) (-5120 4096 4568 ) (-5120 4096 -4568 ) 
4 154 163 (-4096 3072 -4568 ) (-4096 3072 4568 ) (-5120 3072 4568 ) (-5120 3072 -4568 ) 
4 155 157 (0 2048 -4568 ) (0 2048 4568 ) (-1024 2048 4568 ) (-1024 2048 -4568 ) 
4 155 156 (-1024 3072 4568 ) (-1024 3072 -4568 ) (-1024 2048 -4568 ) (-1024 2048 4568 ) 
4 156 161 (-2048 3072 4568 ) (-2048 3072 -4568 ) (-2048 2048 -4568 ) (-2048 2048 4568 ) 
4 156 158 (-1024 2048 -4568 ) (-1024 2048 4568 ) (-2048 2048 4568 ) (-2048 2048 -4568 ) 
4 157 159 (0 1024 -4568 ) (0 1024 4568 ) (-1024 1024 4568 ) (-1024 1024 -4568 ) 
4 157 158 (-1024 1024 -4568 ) (-1024 1024 4568 ) (-1024 2048 4568 ) (-1024 2048 -4568 ) 
4 158 164 (-2048 1024 -4568 ) (-2048 1024 4568 ) (-2048 2048 4568 ) (-2048 2048 -4568 ) 
4 158 160 (-2048 1024 4568 ) (-2048 1024 -4568 ) (-1024 1024 -4568 ) (-1024 1024 4568 ) 
4 159 300 (0 0 -4568 ) (0 0 4568 ) (-1024 0 4568 ) (-1024 0 -4568 ) 
4 159 160 (-1024 1024 4568 ) (-1024 1024 -4568 ) (-1024 0 -4568 ) (-1024 0 4568 ) 
4 160 301 (-1024 0 -4568 ) (-1024 0 4568 ) (-2048 0 4568 ) (-2048 0 -4568 ) 
4 160 165 (-2048 0 -4568 ) (-2048 0 4568 ) (-2048 1024 4568 ) (-2048 1024 -4568 ) 
4 161 164 (-2048 2048 -4568 ) (-2048 2048 4568 ) (-3072 2048 4568 ) (-3072 2048 -4568 ) 
4 161 162 (-3072 3072 4568 ) (-3072 3072 -4568 ) (-3072 2048 -4568 ) (-3072 2048 4568 ) 
4 162 166 (-3072 2048 -4568 ) (-3072 2048 4568 ) (-4096 2048 4568 ) (-4096 2048 -4568 ) 
4 162 163 (-4096 2048 -4568 ) (-4096 2048 4568 ) (-4096 3072 4568 ) (-4096 3072 -4568 ) 
4 163 185 (-5120 2048 -4568 ) (-5120 2048 4568 ) (-5120 3072 4568 ) (-5120 3072 -4568 ) 
4 163 167 (-4096 2048 -4568 ) (-4096 2048 4568 ) (-5120 2048 4568 ) (-5120 2048 -4568 ) 
4 164 166 (-3072 2048 4568 ) (-3072 2048 -4568 ) (-3072 1024 -4568 ) (-3072 1024 4568 ) 
4 164 165 (-2048 1024 -4568 ) (-2048 1024 4568 ) (-3072 1024 4568 ) (-3072 1024 -4568 ) 
4 165 304 (-2048 0 -4568 ) (-2048 0 4568 ) (-3072 0 4568 ) (-3072 0 -4568 ) 
4 165 168 (-3072 0 -4568 ) (-3072 0 4568 ) (-3072 1024 4568 ) (-3072 1024 -4568 ) 
4 166 168 (-3072 1024 -4568 ) (-3072 1024 4568 ) (-4096 1024 4568 ) (-4096 1024 -4568 ) 
4 166 167 (-4096 2048 4568 ) (-4096 2048 -4568 ) (-4096 1024 -4568 ) (-4096 1024 4568 ) 
4 167 188 (-5120 1024 -4568 ) (-5120 1024 4568 ) (-5120 2048 4568 ) (-5120 2048 -4568 ) 
4 167 169 (-4096 1024 -4568 ) (-4096 1024 4568 ) (-5120 1024 4568 ) (-5120 1024 -4568 ) 
4 168 306 (-3072 0 -4568 ) (-3072 0 4568 ) (-4096 0 4568 ) (-4096 0 -4568 ) 
4 168 169 (-4096 1024 4568 ) (-4096 1024 -4568 ) (-4096 0 -4568 ) (-4096 0 4568 ) 
4 169 307 (-4096 0 -4568 ) (-4096 0 4568 ) (-5120 0 4568 ) (-5120 0 -4568 ) 
4 169 189 (-5120 0 -4568 ) (-5120 0 4568 ) (-5120 1024 4568 ) (-5120 1024 -4568 ) 
4 170 173 (-5120 5120 -4568 ) (-5120 5120 4568 ) (-6144 5120 4568 ) (-6144 5120 -4568 ) 
4 170 171 (-6144 6144 4568 ) (-6144 6144 -4568 ) (-6144 5120 -4568 ) (-6144 5120 4568 ) 
4 171 175 (-6144 5120 -4568 ) (-6144 5120 4568 ) (-7168 5120 4568 ) (-7168 5120 -4568 ) 
4 171 172 (-7168 5120 -4568 ) (-7168 5120 4568 ) (-7168 6144 4568 ) (-7168 6144 -4568 ) 
4 172 179 (-8192 6144 4568 ) (-8192 6144 -4568 ) (-8192 5120 -4568 ) (-8192 5120 4568 ) 
4 172 176 (-7168 5120 -4568 ) (-7168 5120 4568 ) (-8192 5120 4568 ) (-8192 5120 -4568 ) 
4 173 175 (-6144 5120 4568 ) (-6144 5120 -4568 ) (-6144 4096 -4568 ) (-6144 4096 4568 ) 
4 173 174 (-5120 4096 -4568 ) (-5120 4096 4568 ) (-6144 4096 4568 ) (-6144 4096 -4568 ) 
4 174 185 (-5120 3072 -4568 ) (-5120 3072 4568 ) (-6144 3072 4568 ) (-6144 3072 -4568 ) 
4 174 177 (-6144 3072 -4568 ) (-6144 3072 4568 ) (-6144 4096 4568 ) (-6144 4096 -4568 ) 
4 175 177 (-6144 4096 -4568 ) (-6144 4096 4568 ) (-7168 4096 4568 ) (-7168 4096 -4568 ) 
4 175 176 (-7168 5120 4568 ) (-7168 5120 -4568 ) (-7168 4096 -4568 ) (-7168 4096 4568 ) 
4 176 181 (-8192 4096 -4568 ) (-8192 4096 4568 ) (-8192 5120 4568 ) (-8192 5120 -4568 ) 
4 176 178 (-7168 4096 -4568 ) (-7168 4096 4568 ) (-8192 4096 4568 ) (-8192 4096 -4568 ) 
4 177 186 (-6144 3072 -4568 ) (-6144 3072 4568 ) (-7168 3072 4568 ) (-7168 3072 -4568 ) 
4 177 178 (-7168 4096 4568 ) (-7168 4096 -4568 ) (-7168 3072 -4568 ) (-7168 3072 4568 ) 
4 178 187 (-7168 3072 -4568 ) (-7168 3072 4568 ) (-8192 3072 4568 ) (-8192 3072 -4568 ) 
4 178 182 (-8192 3072 -4568 ) (-8192 3072 4568 ) (-8192 4096 4568 ) (-8192 4096 -4568 ) 
4 179 181 (-8192 5120 -4568 ) (-8192 5120 4568 ) (-9216 5120 4568 ) (-9216 5120 -4568 ) 
4 179 180 (-9216 6144 4568 ) (-9216 6144 -4568 ) (-9216 5120 -4568 ) (-9216 5120 4568 ) 
4 180 183 (-9216 5120 -4568 ) (-9216 5120 4568 ) (-9464 5120 4568 ) (-9464 5120 -4568 ) 
4 181 183 (-9216 5120 4568 ) (-9216 5120 -4568 ) (-9216 4096 -4568 ) (-9216 4096 4568 ) 
4 181 182 (-8192 4096 -4568 ) (-8192 4096 4568 ) (-9216 4096 4568 ) (-9216 4096 -4568 ) 
4 182 194 (-8192 3072 -4568 ) (-8192 3072 4568 ) (-9216 3072 4568 ) (-9216 3072 -4568 ) 
4 182 184 (-9216 3072 -4568 ) (-9216 3072 4568 ) (-9216 4096 4568 ) (-9216 4096 -4568 ) 
4 183 184 (-9216 4096 -4568 ) (-9216 4096 4568 ) (-9464 4096 4568 ) (-9464 4096 -4568 ) 
4 184 195 (-9216 3072 -4568 ) (-9216 3072 4568 ) (-9464 3072 4568 ) (-9464 3072 -4568 ) 
4 185 188 (-5120 2048 -4568 ) (-5120 2048 4568 ) (-6144 2048 4568 ) (-6144 2048 -4568 ) 
4 185 186 (-6144 3072 4568 ) (-6144 3072 -4568 ) (-6144 2048 -4568 ) (-6144 2048 4568 ) 
4 186 190 (-6144 2048 -4568 ) (-6144 2048 4568 ) (-7168 2048 4568 ) (-7168 2048 -4568 ) 
4 186 187 (-7168 2048 -4568 ) (-7168 2048 4568 ) (-7168 3072 4568 ) (-7168 3072 -4568 ) 
4 187 194 (-8192 3072 4568 ) (-8192 3072 -4568 ) (-8192 2048 -4568 ) (-8192 2048 4568 ) 
4 187 191 (-7168 2048 -4568 ) (-7168 2048 4568 ) (-8192 2048 4568 ) (-8192 2048 -4568 ) 
4 188 190 (-6144 2048 4568 ) (-6144 2048 -4568 ) (-6144 1024 -4568 ) (-6144 1024 4568 ) 
4 188 189 (-5120 1024 -4568 ) (-5120 1024 4568 ) (-6144 1024 4568 ) (-6144 1024 -4568 ) 
4 189 330 (-5120 0 -4568 ) (-5120 0 4568 ) (-6144 0 4568 ) (-6144 0 -4568 ) 
4 189 192 (-6144 0 -4568 ) (-6144 0 4568 ) (-6144 1024 4568 ) (-6144 1024 -4568 ) 
4 190 192 (-6144 1024 -4568 ) (-6144 1024 4568 ) (-7168 1024 4568 ) (-7168 1024 -4568 ) 
4 190 191 (-7168 2048 4568 ) (-7168 2048 -4568 ) (-7168 1024 -4568 ) (-7168 1024 4568 ) 
4 191 196 (-8192 1024 -4568 ) (-8192 1024 4568 ) (-8192 2048 4568 ) (-8192 2048 -4568 ) 
4 191 193 (-7168 1024 -4568 ) (-7168 1024 4568 ) (-8192 1024 4568 ) (-8192 1024 -4568 ) 
4 192 332 (-6144 0 -4568 ) (-6144 0 4568 ) (-7168 0 4568 ) (-7168 0 -4568 ) 
4 192 193 (-7168 1024 4568 ) (-7168 1024 -4568 ) (-7168 0 -4568 ) (-7168 0 4568 ) 
4 193 333 (-7168 0 -4568 ) (-7168 0 4568 ) (-8192 0 4568 ) (-8192 0 -4568 ) 
4 193 197 (-8192 0 -4568 ) (-8192 0 4568 ) (-8192 1024 4568 ) (-8192 1024 -4568 ) 
4 194 196 (-8192 2048 -4568 ) (-8192 2048 4568 ) (-9216 2048 4568 ) (-9216 2048 -4568 ) 
4 194 195 (-9216 3072 4568 ) (-9216 3072 -4568 ) (-9216 2048 -4568 ) (-9216 2048 4568 ) 
4 195 198 (-9216 2048 -4568 ) (-9216 2048 4568 ) (-9464 2048 4568 ) (-9464 2048 -4568 ) 
4 196 198 (-9216 2048 4568 ) (-9216 2048 -4568 ) (-9216 1024 -4568 ) (-9216 1024 4568 ) 
4 196 197 (-8192 1024 -4568 ) (-8192 1024 4568 ) (-9216 1024 4568 ) (-9216 1024 -4568 ) 
4 197 345 (-8192 0 -4568 ) (-8192 0 4568 ) (-9216 0 4568 ) (-9216 0 -4568 ) 
4 197 199 (-9216 0 -4568 ) (-9216 0 4568 ) (-9216 1024 4568 ) (-9216 1024 -4568 ) 
4 198 199 (-9216 1024 -4568 ) (-9216 1024 4568 ) (-9464 1024 4568 ) (-9464 1024 -4568 ) 
4 199 347 (-9216 0 -4568 ) (-9216 0 4568 ) (-9464 0 4568 ) (-9464 0 -4568 ) 
4 200 202 (9216 0 4568 ) (9216 0 -4568 ) (9216 -1024 -4568 ) (9216 -1024 4568 ) 
4 200 201 (9464 -1024 4568 ) (9216 -1024 4568 ) (9216 -1024 -4568 ) (9464 -1024 -4568 ) 
4 201 208 (9464 -2048 4568 ) (9216 -2048 4568 ) (9216 -2048 -4568 ) (9464 -2048 -4568 ) 
4 201 203 (9216 -2048 -4568 ) (9216 -2048 4568 ) (9216 -1024 4568 ) (9216 -1024 -4568 ) 
4 202 204 (8192 -1024 -4568 ) (8192 -1024 4568 ) (8192 0 4568 ) (8192 0 -4568 ) 
4 202 203 (9216 -1024 -4568 ) (9216 -1024 4568 ) (8192 -1024 4568 ) (8192 -1024 -4568 ) 
4 203 211 (9216 -2048 -4568 ) (9216 -2048 4568 ) (8192 -2048 4568 ) (8192 -2048 -4568 ) 
4 203 206 (8192 -2048 -4568 ) (8192 -2048 4568 ) (8192 -1024 4568 ) (8192 -1024 -4568 ) 
4 204 206 (8192 -1024 -4568 ) (8192 -1024 4568 ) (7168 -1024 4568 ) (7168 -1024 -4568 ) 
4 204 205 (7168 -1024 -4568 ) (7168 -1024 4568 ) (7168 0 4568 ) (7168 0 -4568 ) 
4 205 220 (6144 0 4568 ) (6144 0 -4568 ) (6144 -1024 -4568 ) (6144 -1024 4568 ) 
4 205 207 (6144 -1024 4568 ) (6144 -1024 -4568 ) (7168 -1024 -4568 ) (7168 -1024 4568 ) 
4 206 212 (8192 -2048 -4568 ) (8192 -2048 4568 ) (7168 -2048 4568 ) (7168 -2048 -4568 ) 
4 206 207 (7168 -1024 4568 ) (7168 -1024 -4568 ) (7168 -2048 -4568 ) (7168 -2048 4568 ) 
4 207 221 (6144 -2048 -4568 ) (6144 -2048 4568 ) (6144 -1024 4568 ) (6144 -1024 -4568 ) 
4 207 213 (7168 -2048 -4568 ) (7168 -2048 4568 ) (6144 -2048 4568 ) (6144 -2048 -4568 ) 
4 208 211 (9216 -2048 4568 ) (9216 -2048 -4568 ) (9216 -3072 -4568 ) (9216 -3072 4568 ) 
4 208 209 (9464 -3072 4568 ) (9216 -3072 4568 ) (9216 -3072 -4568 ) (9464 -3072 -4568 ) 
4 209 214 (9216 -4096 -4568 ) (9216 -4096 4568 ) (9216 -3072 4568 ) (9216 -3072 -4568 ) 
4 209 210 (9216 -4096 4568 ) (9216 -4096 -4568 ) (9464 -4096 -4568 ) (9464 -4096 4568 ) 
4 210 250 (9464 -5120 4568 ) (9216 -5120 4568 ) (9216 -5120 -4568 ) (9464 -5120 -4568 ) 
4 210 215 (9216 -5120 -4568 ) (9216 -5120 4568 ) (9216 -4096 4568 ) (9216 -4096 -4568 ) 
4 211 214 (9216 -3072 -4568 ) (9216 -3072 4568 ) (8192 -3072 4568 ) (8192 -3072 -4568 ) 
4 211 212 (8192 -2048 4568 ) (8192 -2048 -4568 ) (8192 -3072 -4568 ) (8192 -3072 4568 ) 
4 212 216 (8192 -3072 -4568 ) (8192 -3072 4568 ) (7168 -3072 4568 ) (7168 -3072 -4568 ) 
4 212 213 (7168 -3072 -4568 ) (7168 -3072 4568 ) (7168 -2048 4568 ) (7168 -2048 -4568 ) 
4 213 226 (6144 -3072 -4568 ) (6144 -3072 4568 ) (6144 -2048 4568 ) (6144 -2048 -4568 ) 
4 213 217 (7168 -3072 -4568 ) (7168 -3072 4568 ) (6144 -3072 4568 ) (6144 -3072 -4568 ) 
4 214 216 (8192 -3072 4568 ) (8192 -3072 -4568 ) (8192 -4096 -4568 ) (8192 -4096 4568 ) 
4 214 215 (9216 -4096 -4568 ) (9216 -4096 4568 ) (8192 -4096 4568 ) (8192 -4096 -4568 ) 
4 215 253 (9216 -5120 -4568 ) (9216 -5120 4568 ) (8192 -5120 4568 ) (8192 -5120 -4568 ) 
4 215 218 (8192 -5120 -4568 ) (8192 -5120 4568 ) (8192 -4096 4568 ) (8192 -4096 -4568 ) 
4 216 218 (8192 -4096 -4568 ) (8192 -4096 4568 ) (7168 -4096 4568 ) (7168 -4096 -4568 ) 
4 216 217 (7168 -3072 4568 ) (7168 -3072 -4568 ) (7168 -4096 -4568 ) (7168 -4096 4568 ) 
4 217 229 (6144 -4096 -4568 ) (6144 -4096 4568 ) (6144 -3072 4568 ) (6144 -3072 -4568 ) 
4 217 219 (7168 -4096 -4568 ) (7168 -4096 4568 ) (6144 -4096 4568 ) (6144 -4096 -4568 ) 
4 218 254 (8192 -5120 -4568 ) (8192 -5120 4568 ) (7168 -5120 4568 ) (7168 -5120 -4568 ) 
4 218 219 (7168 -4096 4568 ) (7168 -4096 -4568 ) (7168 -5120 -4568 ) (7168 -5120 4568 ) 
4 219 255 (7168 -5120 -4568 ) (7168 -5120 4568 ) (6144 -5120 4568 ) (6144 -5120 -4568 ) 
4 219 230 (6144 -5120 -4568 ) (6144 -5120 4568 ) (6144 -4096 4568 ) (6144 -4096 -4568 ) 
4 220 222 (5120 -1024 -4568 ) (5120 -1024 4568 ) (5120 0 4568 ) (5120 0 -4568 ) 
4 220 221 (6144 -1024 -4568 ) (6144 -1024 4568 ) (5120 -1024 4568 ) (5120 -1024 -4568 ) 
4 221 226 (6144 -2048 -4568 ) (6144 -2048 4568 ) (5120 -2048 4568 ) (5120 -2048 -4568 ) 
4 221 224 (5120 -2048 -4568 ) (5120 -2048 4568 ) (5120 -1024 4568 ) (5120 -1024 -4568 ) 
4 222 224 (5120 -1024 -4568 ) (5120 -1024 4568 ) (4096 -1024 4568 ) (4096 -1024 -4568 ) 
4 222 223 (4096 -1024 -4568 ) (4096 -1024 4568 ) (4096 0 4568 ) (4096 0 -4568 ) 
4 223 235 (3072 -1024 -4568 ) (3072 -1024 4568 ) (3072 0 4568 ) (3072 0 -4568 ) 
4 223 225 (4096 -1024 -4568 ) (4096 -1024 4568 ) (3072 -1024 4568 ) (3072 -1024 -4568 ) 
4 224 227 (5120 -2048 -4568 ) (5120 -2048 4568 ) (4096 -2048 4568 ) (4096 -2048 -4568 ) 
4 224 225 (4096 -1024 4568 ) (4096 -1024 -4568 ) (4096 -2048 -4568 ) (4096 -2048 4568 ) 
4 225 236 (3072 -2048 -4568 ) (3072 -2048 4568 ) (3072 -1024 4568 ) (3072 -1024 -4568 ) 
4 225 228 (4096 -2048 -4568 ) (4096 -2048 4568 ) (3072 -2048 4568 ) (3072 -2048 -4568 ) 
4 226 229 (6144 -3072 -4568 ) (6144 -3072 4568 ) (5120 -3072 4568 ) (5120 -3072 -4568 ) 
4 226 227 (5120 -3072 -4568 ) (5120 -3072 4568 ) (5120 -2048 4568 ) (5120 -2048 -4568 ) 
4 227 231 (5120 -3072 -4568 ) (5120 -3072 4568 ) (4096 -3072 4568 ) (4096 -3072 -4568 ) 
4 227 228 (4096 -2048 4568 ) (4096 -2048 -4568 ) (4096 -3072 -4568 ) (4096 -3072 4568 ) 
4 228 241 (3072 -3072 -4568 ) (3072 -3072 4568 ) (3072 -2048 4568 ) (3072 -2048 -4568 ) 
4 228 232 (3072 -3072 4568 ) (3072 -3072 -4568 ) (4096 -3072 -4568 ) (4096 -3072 4568 ) 
4 229 231 (5120 -3072 4568 ) (5120 -3072 -4568 ) (5120 -4096 -4568 ) (5120 -4096 4568 ) 
4 229 230 (6144 -4096 -4568 ) (6144 -4096 4568 ) (5120 -4096 4568 ) (5120 -4096 -4568 ) 
4 230 270 (6144 -5120 -4568 ) (6144 -5120 4568 ) (5120 -5120 4568 ) (5120 -5120 -4568 ) 
4 230 233 (5120 -5120 -4568 ) (5120 -5120 4568 ) (5120 -4096 4568 ) (5120 -4096 -4568 ) 
4 231 233 (5120 -4096 -4568 ) (5120 -4096 4568 ) (4096 -4096 4568 ) (4096 -4096 -4568 ) 
4 231 232 (4096 -3072 4568 ) (4096 -3072 -4568 ) (4096 -4096 -4568 ) (4096 -4096 4568 ) 
4 232 244 (3072 -4096 -4568 ) (3072 -4096 4568 ) (3072 -3072 4568 ) (3072 -3072 -4568 ) 
4 232 234 (3072 -4096 4568 ) (3072 -4096 -4568 ) (4096 -4096 -4568 ) (4096 -4096 4568 ) 
4 233 271 (5120 -5120 -4568 ) (5120 -5120 4568 ) (4096 -5120 4568 ) (4096 -5120 -4568 ) 
4 233 234 (4096 -4096 4568 ) (4096 -4096 -4568 ) (4096 -5120 -4568 ) (4096 -5120 4568 ) 
4 234 272 (4096 -5120 -4568 ) (4096 -5120 4568 ) (3072 -5120 4568 ) (3072 -5120 -4568 ) 
4 234 245 (3072 -5120 -4568 ) (3072 -5120 4568 ) (3072 -4096 4568 ) (3072 -4096 -4568 ) 
4 235 237 (2048 -1024 -4568 ) (2048 -1024 4568 ) (2048 0 4568 ) (2048 0 -4568 ) 
4 235 236 (3072 -1024 -4568 ) (3072 -1024 4568 ) (2048 -1024 4568 ) (2048 -1024 -4568 ) 
4 236 241 (3072 -2048 -4568 ) (3072 -2048 4568 ) (2048 -2048 4568 ) (2048 -2048 -4568 ) 
4 236 239 (2048 -2048 -4568 ) (2048 -2048 4568 ) (2048 -1024 4568 ) (2048 -1024 -4568 ) 
4 237 239 (2048 -1024 -4568 ) (2048 -1024 4568 ) (1024 -1024 4568 ) (1024 -1024 -4568 ) 
4 237 238 (1024 -1024 -4568 ) (1024 -1024 4568 ) (1024 0 4568 ) (1024 0 -4568 ) 
4 238 300 (0 0 4568 ) (0 0 -4568 ) (0 -1024 -4568 ) (0 -1024 4568 ) 
4 238 240 (0 -1024 4568 ) (0 -1024 -4568 ) (1024 -1024 -4568 ) (1024 -1024 4568 ) 
4 239 242 (2048 -2048 -4568 ) (2048 -2048 4568 ) (1024 -2048 4568 ) (1024 -2048 -4568 ) 
4 239 240 (1024 -1024 4568 ) (1024 -1024 -4568 ) (1024 -2048 -4568 ) (1024 -2048 4568 ) 
4 240 302 (0 -2048 -4568 ) (0 -2048 4568 ) (0 -1024 4568 ) (0 -1024 -4568 ) 
4 240 243 (0 -2048 4568 ) (0 -2048 -4568 ) (1024 -2048 -4568 ) (1024 -2048 4568 ) 
4 241 244 (3072 -3072 -4568 ) (3072 -3072 4568 ) (2048 -3072 4568 ) (2048 -3072 -4568 ) 
4 241 242 (2048 -3072 -4568 ) (2048 -3072 4568 ) (2048 -2048 4568 ) (2048 -2048 -4568 ) 
4 242 246 (2048 -3072 -4568 ) (2048 -3072 4568 ) (1024 -3072 4568 ) (1024 -3072 -4568 ) 
4 242 243 (1024 -2048 4568 ) (1024 -2048 -4568 ) (1024 -3072 -4568 ) (1024 -3072 4568 ) 
4 243 310 (0 -3072 -4568 ) (0 -3072 4568 ) (0 -2048 4568 ) (0 -2048 -4568 ) 
4 243 247 (1024 -3072 -4568 ) (1024 -3072 4568 ) (0 -3072 4568 ) (0 -3072 -4568 ) 
4 244 246 (2048 -3072 4568 ) (2048 -3072 -4568 ) (2048 -4096 -4568 ) (2048 -4096 4568 ) 
4 244 245 (3072 -4096 -4568 ) (3072 -4096 4568 ) (2048 -4096 4568 ) (2048 -4096 -4568 ) 
4 245 279 (3072 -5120 -4568 ) (3072 -5120 4568 ) (2048 -5120 4568 ) (2048 -5120 -4568 ) 
4 245 248 (2048 -5120 -4568 ) (2048 -5120 4568 ) (2048 -4096 4568 ) (2048 -4096 -4568 ) 
4 246 248 (2048 -4096 -4568 ) (2048 -4096 4568 ) (1024 -4096 4568 ) (1024 -4096 -4568 ) 
4 246 247 (1024 -3072 4568 ) (1024 -3072 -4568 ) (1024 -4096 -4568 ) (1024 -4096 4568 ) 
4 247 312 (0 -4096 -4568 ) (0 -4096 4568 ) (0 -3072 4568 ) (0 -3072 -4568 ) 
4 247 249 (1024 -4096 -4568 ) (1024 -4096 4568 ) (0 -4096 4568 ) (0 -4096 -4568 ) 
4 248 280 (2048 -5120 -4568 ) (2048 -5120 4568 ) (1024 -5120 4568 ) (1024 -5120 -4568 ) 
4 248 249 (1024 -4096 4568 ) (1024 -4096 -4568 ) (1024 -5120 -4568 ) (1024 -5120 4568 ) 
4 249 314 (0 -5120 -4568 ) (0 -5120 4568 ) (0 -4096 4568 ) (0 -4096 -4568 ) 
4 249 281 (1024 -5120 -4568 ) (1024 -5120 4568 ) (0 -5120 4568 ) (0 -5120 -4568 ) 
4 250 253 (9216 -5120 4568 ) (9216 -5120 -4568 ) (9216 -6144 -4568 ) (9216 -6144 4568 ) 
4 250 251 (9464 -6144 4568 ) (9216 -6144 4568 ) (9216 -6144 -4568 ) (9464 -6144 -4568 ) 
4 251 256 (9216 -7168 -4568 ) (9216 -7168 4568 ) (9216 -6144 4568 ) (9216 -6144 -4568 ) 
4 251 252 (9216 -7168 4568 ) (9216 -7168 -4568 ) (9464 -7168 -4568 ) (9464 -7168 4568 ) 
4 252 262 (9464 -8192 4568 ) (9216 -8192 4568 ) (9216 -8192 -4568 ) (9464 -8192 -4568 ) 
4 252 257 (9216 -8192 -4568 ) (9216 -8192 4568 ) (9216 -7168 4568 ) (9216 -7168 -4568 ) 
4 253 256 (9216 -6144 -4568 ) (9216 -6144 4568 ) (8192 -6144 4568 ) (8192 -6144 -4568 ) 
4 253 254 (8192 -5120 4568 ) (8192 -5120 -4568 ) (8192 -6144 -4568 ) (8192 -6144 4568 ) 
4 254 258 (8192 -6144 -4568 ) (8192 -6144 4568 ) (7168 -6144 4568 ) (7168 -6144 -4568 ) 
4 254 255 (7168 -6144 -4568 ) (7168 -6144 4568 ) (7168 -5120 4568 ) (7168 -5120 -4568 ) 
4 255 270 (6144 -5120 4568 ) (6144 -5120 -4568 ) (6144 -6144 -4568 ) (6144 -6144 4568 ) 
4 255 259 (7168 -6144 -4568 ) (7168 -6144 4568 ) (6144 -6144 4568 ) (6144 -6144 -4568 ) 
4 256 258 (8192 -6144 4568 ) (8192 -6144 -4568 ) (8192 -7168 -4568 ) (8192 -7168 4568 ) 
4 256 257 (9216 -7168 -4568 ) (9216 -7168 4568 ) (8192 -7168 4568 ) (8192 -7168 -4568 ) 
4 257 264 (9216 -8192 -4568 ) (9216 -8192 4568 ) (8192 -8192 4568 ) (8192 -8192 -4568 ) 
4 257 260 (8192 -8192 -4568 ) (8192 -8192 4568 ) (8192 -7168 4568 ) (8192 -7168 -4568 ) 
4 258 260 (8192 -7168 -4568 ) (8192 -7168 4568 ) (7168 -7168 4568 ) (7168 -7168 -4568 ) 
4 258 259 (7168 -6144 4568 ) (7168 -6144 -4568 ) (7168 -7168 -4568 ) (7168 -7168 4568 ) 
4 259 273 (6144 -7168 -4568 ) (6144 -7168 4568 ) (6144 -6144 4568 ) (6144 -6144 -4568 ) 
4 259 261 (7168 -7168 -4568 ) (7168 -7168 4568 ) (6144 -7168 4568 ) (6144 -7168 -4568 ) 
4 260 265 (8192 -8192 -4568 ) (8192 -8192 4568 ) (7168 -8192 4568 ) (7168 -8192 -4568 ) 
4 260 261 (7168 -7168 4568 ) (7168 -7168 -4568 ) (7168 -8192 -4568 ) (7168 -8192 4568 ) 
4 261 274 (6144 -8192 -4568 ) (6144 -8192 4568 ) (6144 -7168 4568 ) (6144 -7168 -4568 ) 
4 261 266 (7168 -8192 -4568 ) (7168 -8192 4568 ) (6144 -8192 4568 ) (6144 -8192 -4568 ) 
4 262 264 (9216 -8192 4568 ) (9216 -8192 -4568 ) (9216 -9216 -4568 ) (9216 -9216 4568 ) 
4 262 263 (9464 -9216 4568 ) (9216 -9216 4568 ) (9216 -9216 -4568 ) (9464 -9216 -4568 ) 
4 263 267 (9216 -9264 4568 ) (9216 -9216 4568 ) (9216 -9216 -4568 ) (9216 -9264 -4568 ) 
4 264 267 (9216 -9216 -4568 ) (9216 -9216 4568 ) (8192 -9216 4568 ) (8192 -9216 -4568 ) 
4 264 265 (8192 -8192 4568 ) (8192 -8192 -4568 ) (8192 -9216 -4568 ) (8192 -9216 4568 ) 
4 265 268 (8192 -9216 -4568 ) (8192 -9216 4568 ) (7168 -9216 4568 ) (7168 -9216 -4568 ) 
4 265 266 (7168 -9216 -4568 ) (7168 -9216 4568 ) (7168 -8192 4568 ) (7168 -8192 -4568 ) 
4 266 288 (6144 -9216 -4568 ) (6144 -9216 4568 ) (6144 -8192 4568 ) (6144 -8192 -4568 ) 
4 266 269 (7168 -9216 -4568 ) (7168 -9216 4568 ) (6144 -9216 4568 ) (6144 -9216 -4568 ) 
4 267 268 (8192 -9216 4568 ) (8192 -9216 -4568 ) (8192 -9264 -4568 ) (8192 -9264 4568 ) 
4 268 269 (7168 -9216 4568 ) (7168 -9216 -4568 ) (7168 -9264 -4568 ) (7168 -9264 4568 ) 
4 269 291 (6144 -9264 4568 ) (6144 -9216 4568 ) (6144 -9216 -4568 ) (6144 -9264 -4568 ) 
4 270 273 (6144 -6144 -4568 ) (6144 -6144 4568 ) (5120 -6144 4568 ) (5120 -6144 -4568 ) 
4 270 271 (5120 -5120 4568 ) (5120 -5120 -4568 ) (5120 -6144 -4568 ) (5120 -6144 4568 ) 
4 271 275 (5120 -6144 -4568 ) (5120 -6144 4568 ) (4096 -6144 4568 ) (4096 -6144 -4568 ) 
4 271 272 (4096 -6144 -4568 ) (4096 -6144 4568 ) (4096 -5120 4568 ) (4096 -5120 -4568 ) 
4 272 279 (3072 -5120 4568 ) (3072 -5120 -4568 ) (3072 -6144 -4568 ) (3072 -6144 4568 ) 
4 272 276 (4096 -6144 -4568 ) (4096 -6144 4568 ) (3072 -6144 4568 ) (3072 -6144 -4568 ) 
4 273 275 (5120 -6144 4568 ) (5120 -6144 -4568 ) (5120 -7168 -4568 ) (5120 -7168 4568 ) 
4 273 274 (6144 -7168 -4568 ) (6144 -7168 4568 ) (5120 -7168 4568 ) (5120 -7168 -4568 ) 
4 274 288 (6144 -8192 -4568 ) (6144 -8192 4568 ) (5120 -8192 4568 ) (5120 -8192 -4568 ) 
4 274 277 (5120 -8192 -4568 ) (5120 -8192 4568 ) (5120 -7168 4568 ) (5120 -7168 -4568 ) 
4 275 277 (5120 -7168 -4568 ) (5120 -7168 4568 ) (4096 -7168 4568 ) (4096 -7168 -4568 ) 
4 275 276 (4096 -6144 4568 ) (4096 -6144 -4568 ) (4096 -7168 -4568 ) (4096 -7168 4568 ) 
4 276 282 (3072 -7168 -4568 ) (3072 -7168 4568 ) (3072 -6144 4568 ) (3072 -6144 -4568 ) 
4 276 278 (4096 -7168 -4568 ) (4096 -7168 4568 ) (3072 -7168 4568 ) (3072 -7168 -4568 ) 
4 277 289 (5120 -8192 -4568 ) (5120 -8192 4568 ) (4096 -8192 4568 ) (4096 -8192 -4568 ) 
4 277 278 (4096 -7168 4568 ) (4096 -7168 -4568 ) (4096 -8192 -4568 ) (4096 -8192 4568 ) 
4 278 290 (4096 -8192 -4568 ) (4096 -8192 4568 ) (3072 -8192 4568 ) (3072 -8192 -4568 ) 
4 278 283 (3072 -8192 -4568 ) (3072 -8192 4568 ) (3072 -7168 4568 ) (3072 -7168 -4568 ) 
4 279 282 (3072 -6144 -4568 ) (3072 -6144 4568 ) (2048 -6144 4568 ) (2048 -6144 -4568 ) 
4 279 280 (2048 -5120 4568 ) (2048 -5120 -4568 ) (2048 -6144 -4568 ) (2048 -6144 4568 ) 
4 280 284 (2048 -6144 -4568 ) (2048 -6144 4568 ) (1024 -6144 4568 ) (1024 -6144 -4568 ) 
4 280 281 (1024 -6144 -4568 ) (1024 -6144 4568 ) (1024 -5120 4568 ) (1024 -5120 -4568 ) 
4 281 355 (0 -6144 -4568 ) (0 -6144 4568 ) (0 -5120 4568 ) (0 -5120 -4568 ) 
4 281 285 (1024 -6144 -4568 ) (1024 -6144 4568 ) (0 -6144 4568 ) (0 -6144 -4568 ) 
4 282 284 (2048 -6144 4568 ) (2048 -6144 -4568 ) (2048 -7168 -4568 ) (2048 -7168 4568 ) 
4 282 283 (3072 -7168 -4568 ) (3072 -7168 4568 ) (2048 -7168 4568 ) (2048 -7168 -4568 ) 
4 283 294 (3072 -8192 -4568 ) (3072 -8192 4568 ) (2048 -8192 4568 ) (2048 -8192 -4568 ) 
4 283 286 (2048 -8192 -4568 ) (2048 -8192 4568 ) (2048 -7168 4568 ) (2048 -7168 -4568 ) 
4 284 286 (2048 -7168 -4568 ) (2048 -7168 4568 ) (1024 -7168 4568 ) (1024 -7168 -4568 ) 
4 284 285 (1024 -6144 4568 ) (1024 -6144 -4568 ) (1024 -7168 -4568 ) (1024 -7168 4568 ) 
4 285 357 (0 -7168 -4568 ) (0 -7168 4568 ) (0 -6144 4568 ) (0 -6144 -4568 ) 
4 285 287 (1024 -7168 -4568 ) (1024 -7168 4568 ) (0 -7168 4568 ) (0 -7168 -4568 ) 
4 286 295 (2048 -8192 -4568 ) (2048 -8192 4568 ) (1024 -8192 4568 ) (1024 -8192 -4568 ) 
4 286 287 (1024 -7168 4568 ) (1024 -7168 -4568 ) (1024 -8192 -4568 ) (1024 -8192 4568 ) 
4 287 359 (0 -8192 -4568 ) (0 -8192 4568 ) (0 -7168 4568 ) (0 -7168 -4568 ) 
4 287 296 (1024 -8192 -4568 ) (1024 -8192 4568 ) (0 -8192 4568 ) (0 -8192 -4568 ) 
4 288 291 (6144 -9216 -4568 ) (6144 -9216 4568 ) (5120 -9216 4568 ) (5120 -9216 -4568 ) 
4 288 289 (5120 -8192 4568 ) (5120 -8192 -4568 ) (5120 -9216 -4568 ) (5120 -9216 4568 ) 
4 289 292 (5120 -9216 -4568 ) (5120 -9216 4568 ) (4096 -9216 4568 ) (4096 -9216 -4568 ) 
4 289 290 (4096 -9216 -4568 ) (4096 -9216 4568 ) (4096 -8192 4568 ) (4096 -8192 -4568 ) 
4 290 294 (3072 -8192 4568 ) (3072 -8192 -4568 ) (3072 -9216 -4568 ) (3072 -9216 4568 ) 
4 290 293 (4096 -9216 -4568 ) (4096 -9216 4568 ) (3072 -9216 4568 ) (3072 -9216 -4568 ) 
4 291 292 (5120 -9216 4568 ) (5120 -9216 -4568 ) (5120 -9264 -4568 ) (5120 -9264 4568 ) 
4 292 293 (4096 -9216 4568 ) (4096 -9216 -4568 ) (4096 -9264 -4568 ) (4096 -9264 4568 ) 
4 293 297 (3072 -9264 4568 ) (3072 -9216 4568 ) (3072 -9216 -4568 ) (3072 -9264 -4568 ) 
4 294 297 (3072 -9216 -4568 ) (3072 -9216 4568 ) (2048 -9216 4568 ) (2048 -9216 -4568 ) 
4 294 295 (2048 -8192 4568 ) (2048 -8192 -4568 ) (2048 -9216 -4568 ) (2048 -9216 4568 ) 
4 295 298 (2048 -9216 -4568 ) (2048 -9216 4568 ) (1024 -9216 4568 ) (1024 -9216 -4568 ) 
4 295 296 (1024 -9216 -4568 ) (1024 -9216 4568 ) (1024 -8192 4568 ) (1024 -8192 -4568 ) 
4 296 370 (0 -9216 -4568 ) (0 -9216 4568 ) (0 -8192 4568 ) (0 -8192 -4568 ) 
4 296 299 (1024 -9216 -4568 ) (1024 -9216 4568 ) (0 -9216 4568 ) (0 -9216 -4568 ) 
4 297 298 (2048 -9216 4568 ) (2048 -9216 -4568 ) (2048 -9264 -4568 ) (2048 -9264 4568 ) 
4 298 299 (1024 -9216 4568 ) (1024 -9216 -4568 ) (1024 -9264 -4568 ) (1024 -9264 4568 ) 
4 299 372 (0 -9264 4568 ) (0 -9216 4568 ) (0 -9216 -4568 ) (0 -9264 -4568 ) 
4 300 302 (0 -1024 -4568 ) (0 -1024 4568 ) (-1024 -1024 4568 ) (-1024 -1024 -4568 ) 
4 300 301 (-1024 0 4568 ) (-1024 0 -4568 ) (-1024 -1024 -4568 ) (-1024 -1024 4568 ) 
4 301 304 (-2048 0 4568 ) (-2048 0 -4568 ) (-2048 -1024 -4568 ) (-2048 -1024 4568 ) 
4 301 303 (-1024 -1024 -4568 ) (-1024 -1024 4568 ) (-2048 -1024 4568 ) (-2048 -1024 -4568 ) 
4 302 310 (0 -2048 -4568 ) (0 -2048 4568 ) (-1024 -2048 4568 ) (-1024 -2048 -4568 ) 
4 302 303 (-1024 -1024 4568 ) (-1024 -1024 -4568 ) (-1024 -2048 -4568 ) (-1024 -2048 4568 ) 
4 303 311 (-1024 -2048 -4568 ) (-1024 -2048 4568 ) (-2048 -2048 4568 ) (-2048 -2048 -4568 ) 
4 303 305 (-2048 -2048 -4568 ) (-2048 -2048 4568 ) (-2048 -1024 4568 ) (-2048 -1024 -4568 ) 
4 304 306 (-3072 -1024 -4568 ) (-3072 -1024 4568 ) (-3072 0 4568 ) (-3072 0 -4568 ) 
4 304 305 (-2048 -1024 -4568 ) (-2048 -1024 4568 ) (-3072 -1024 4568 ) (-3072 -1024 -4568 ) 
4 305 316 (-2048 -2048 -4568 ) (-2048 -2048 4568 ) (-3072 -2048 4568 ) (-3072 -2048 -4568 ) 
4 305 308 (-3072 -2048 -4568 ) (-3072 -2048 4568 ) (-3072 -1024 4568 ) (-3072 -1024 -4568 ) 
4 306 308 (-3072 -1024 -4568 ) (-3072 -1024 4568 ) (-4096 -1024 4568 ) (-4096 -1024 -4568 ) 
4 306 307 (-4096 -1024 -4568 ) (-4096 -1024 4568 ) (-4096 0 4568 ) (-4096 0 -4568 ) 
4 307 330 (-5120 0 4568 ) (-5120 0 -4568 ) (-5120 -1024 -4568 ) (-5120 -1024 4568 ) 
4 307 309 (-5120 -1024 4568 ) (-5120 -1024 -4568 ) (-4096 -1024 -4568 ) (-4096 -1024 4568 ) 
4 308 317 (-3072 -2048 -4568 ) (-3072 -2048 4568 ) (-4096 -2048 4568 ) (-4096 -2048 -4568 ) 
4 308 309 (-4096 -1024 4568 ) (-4096 -1024 -4568 ) (-4096 -2048 -4568 ) (-4096 -2048 4568 ) 
4 309 331 (-5120 -2048 -4568 ) (-5120 -2048 4568 ) (-5120 -1024 4568 ) (-5120 -1024 -4568 ) 
4 309 318 (-4096 -2048 -4568 ) (-4096 -2048 4568 ) (-5120 -2048 4568 ) (-5120 -2048 -4568 ) 
4 310 312 (0 -3072 -4568 ) (0 -3072 4568 ) (-1024 -3072 4568 ) (-1024 -3072 -4568 ) 
4 310 311 (-1024 -2048 4568 ) (-1024 -2048 -4568 ) (-1024 -3072 -4568 ) (-1024 -3072 4568 ) 
4 311 316 (-2048 -2048 4568 ) (-2048 -2048 -4568 ) (-2048 -3072 -4568 ) (-2048 -3072 4568 ) 
4 311 313 (-1024 -3072 -4568 ) (-1024 -3072 4568 ) (-2048 -3072 4568 ) (-2048 -3072 -4568 ) 
4 312 314 (0 -4096 -4568 ) (0 -4096 4568 ) (-1024 -4096 4568 ) (-1024 -4096 -4568 ) 
4 312 313 (-1024 -4096 -4568 ) (-1024 -4096 4568 ) (-1024 -3072 4568 ) (-1024 -3072 -4568 ) 
4 313 319 (-2048 -4096 -4568 ) (-2048 -4096 4568 ) (-2048 -3072 4568 ) (-2048 -3072 -4568 ) 
4 313 315 (-2048 -4096 4568 ) (-2048 -4096 -4568 ) (-1024 -4096 -4568 ) (-1024 -4096 4568 ) 
4 314 355 (0 -5120 -4568 ) (0 -5120 4568 ) (-1024 -5120 4568 ) (-1024 -5120 -4568 ) 
4 314 315 (-1024 -4096 4568 ) (-1024 -4096 -4568 ) (-1024 -5120 -4568 ) (-1024 -5120 4568 ) 
4 315 356 (-1024 -5120 -4568 ) (-1024 -5120 4568 ) (-2048 -5120 4568 ) (-2048 -5120 -4568 ) 
4 315 320 (-2048 -5120 -4568 ) (-2048 -5120 4568 ) (-2048 -4096 4568 ) (-2048 -4096 -4568 ) 
4 316 319 (-2048 -3072 -4568 ) (-2048 -3072 4568 ) (-3072 -3072 4568 ) (-3072 -3072 -4568 ) 
4 316 317 (-3072 -2048 4568 ) (-3072 -2048 -4568 ) (-3072 -3072 -4568 ) (-3072 -3072 4568 ) 
4 317 321 (-3072 -3072 -4568 ) (-3072 -3072 4568 ) (-3264 -3072 4568 ) (-3264 -3072 -4568 ) 
4 317 326 (-3264 -3072 4568 ) (-4096 -3072 4568 ) (-4096 -3072 -4568 ) (-3264 -3072 -4568 ) 
4 317 318 (-4096 -3072 -4568 ) (-4096 -3072 4568 ) (-4096 -2048 4568 ) (-4096 -2048 -4568 ) 
4 318 336 (-5120 -3072 -4568 ) (-5120 -3072 4568 ) (-5120 -2048 4568 ) (-5120 -2048 -4568 ) 
4 318 327 (-4096 -3072 -4568 ) (-4096 -3072 4568 ) (-5120 -3072 4568 ) (-5120 -3072 -4568 ) 
4 319 323 (-3072 -3648 1920 ) (-3072 -3648 2176 ) (-3072 -3456 2176 ) (-3072 -3456 1920 ) 
4 319 322 (-3072 -3648 2176 ) (-3072 -3648 4568 ) (-3072 -3456 4568 ) (-3072 -3456 2176 ) 
4 319 324 (-3072 -3456 -4568 ) (-3072 -3648 -4568 ) (-3072 -3648 1920 ) (-3072 -3456 1920 ) 
4 319 321 (-3072 -3072 4568 ) (-3072 -3072 -4568 ) (-3072 -3456 -4568 ) (-3072 -3456 4568 ) 
4 319 325 (-3072 -3648 -4568 ) (-3072 -4096 -4568 ) (-3072 -4096 4568 ) (-3072 -3648 4568 ) 
4 319 320 (-2048 -4096 -4568 ) (-2048 -4096 4568 ) (-3072 -4096 4568 ) (-3072 -4096 -4568 ) 
4 320 361 (-2048 -5120 -4568 ) (-2048 -5120 4568 ) (-3072 -5120 4568 ) (-3072 -5120 -4568 ) 
4 320 328 (-3072 -5120 -4568 ) (-3072 -5120 4568 ) (-3072 -4096 4568 ) (-3072 -4096 -4568 ) 
4 321 323 (-3264 -3456 2176 ) (-3264 -3456 1920 ) (-3072 -3456 1920 ) (-3072 -3456 2176 ) 
4 321 322 (-3264 -3456 4568 ) (-3264 -3456 2176 ) (-3072 -3456 2176 ) (-3072 -3456 4568 ) 
4 321 324 (-3264 -3456 1920 ) (-3264 -3456 -4568 ) (-3072 -3456 -4568 ) (-3072 -3456 1920 ) 
4 321 326 (-3264 -3072 -4568 ) (-3264 -3456 -4568 ) (-3264 -3456 4568 ) (-3264 -3072 4568 ) 
4 322 325 (-3264 -3648 4568 ) (-3264 -3648 2176 ) (-3072 -3648 2176 ) (-3072 -3648 4568 ) 
4 322 326 (-3264 -3648 2176 ) (-3264 -3648 4568 ) (-3264 -3456 4568 ) (-3264 -3456 2176 ) 
4 322 323 (-3072 -3648 2176 ) (-3264 -3648 2176 ) (-3264 -3456 2176 ) (-3072 -3456 2176 ) 
4 323 324 (-3072 -3648 1920 ) (-3264 -3648 1920 ) (-3264 -3456 1920 ) (-3072 -3456 1920 ) 
4 323 325 (-3264 -3648 2176 ) (-3264 -3648 1920 ) (-3072 -3648 1920 ) (-3072 -3648 2176 ) 
4 323 326 (-3264 -3648 1920 ) (-3264 -3648 2176 ) (-3264 -3456 2176 ) (-3264 -3456 1920 ) 
4 324 326 (-3264 -3456 -4568 ) (-3264 -3648 -4568 ) (-3264 -3648 1920 ) (-3264 -3456 1920 ) 
4 324 325 (-3264 -3648 1920 ) (-3264 -3648 -4568 ) (-3072 -3648 -4568 ) (-3072 -3648 1920 ) 
4 325 328 (-3072 -4096 -4568 ) (-3072 -4096 4568 ) (-3264 -4096 4568 ) (-3264 -4096 -4568 ) 
4 325 326 (-3264 -3648 -4568 ) (-3264 -4096 -4568 ) (-3264 -4096 4568 ) (-3264 -3648 4568 ) 
4 326 328 (-3264 -4096 4568 ) (-4096 -4096 4568 ) (-4096 -4096 -4568 ) (-3264 -4096 -4568 ) 
4 326 327 (-4096 -3072 4568 ) (-4096 -3072 -4568 ) (-4096 -4096 -4568 ) (-4096 -4096 4568 ) 
4 327 339 (-5120 -4096 -4568 ) (-5120 -4096 4568 ) (-5120 -3072 4568 ) (-5120 -3072 -4568 ) 
4 327 329 (-4096 -4096 -4568 ) (-4096 -4096 4568 ) (-5120 -4096 4568 ) (-5120 -4096 -4568 ) 
4 328 362 (-3072 -5120 -4568 ) (-3072 -5120 4568 ) (-4096 -5120 4568 ) (-4096 -5120 -4568 ) 
4 328 329 (-4096 -4096 4568 ) (-4096 -4096 -4568 ) (-4096 -5120 -4568 ) (-4096 -5120 4568 ) 
4 329 363 (-4096 -5120 -4568 ) (-4096 -5120 4568 ) (-5120 -5120 4568 ) (-5120 -5120 -4568 ) 
4 329 340 (-5120 -5120 -4568 ) (-5120 -5120 4568 ) (-5120 -4096 4568 ) (-5120 -4096 -4568 ) 
4 330 332 (-6144 -1024 -4568 ) (-6144 -1024 4568 ) (-6144 0 4568 ) (-6144 0 -4568 ) 
4 330 331 (-5120 -1024 -4568 ) (-5120 -1024 4568 ) (-6144 -1024 4568 ) (-6144 -1024 -4568 ) 
4 331 336 (-5120 -2048 -4568 ) (-5120 -2048 4568 ) (-6144 -2048 4568 ) (-6144 -2048 -4568 ) 
4 331 334 (-6144 -2048 -4568 ) (-6144 -2048 4568 ) (-6144 -1024 4568 ) (-6144 -1024 -4568 ) 
4 332 334 (-6144 -1024 -4568 ) (-6144 -1024 4568 ) (-7168 -1024 4568 ) (-7168 -1024 -4568 ) 
4 332 333 (-7168 -1024 -4568 ) (-7168 -1024 4568 ) (-7168 0 4568 ) (-7168 0 -4568 ) 
4 333 345 (-8192 -1024 -4568 ) (-8192 -1024 4568 ) (-8192 0 4568 ) (-8192 0 -4568 ) 
4 333 335 (-7168 -1024 -4568 ) (-7168 -1024 4568 ) (-8192 -1024 4568 ) (-8192 -1024 -4568 ) 
4 334 337 (-6144 -2048 -4568 ) (-6144 -2048 4568 ) (-7168 -2048 4568 ) (-7168 -2048 -4568 ) 
4 334 335 (-7168 -1024 4568 ) (-7168 -1024 -4568 ) (-7168 -2048 -4568 ) (-7168 -2048 4568 ) 
4 335 346 (-8192 -2048 -4568 ) (-8192 -2048 4568 ) (-8192 -1024 4568 ) (-8192 -1024 -4568 ) 
4 335 338 (-7168 -2048 -4568 ) (-7168 -2048 4568 ) (-8192 -2048 4568 ) (-8192 -2048 -4568 ) 
4 336 339 (-5120 -3072 -4568 ) (-5120 -3072 4568 ) (-6144 -3072 4568 ) (-6144 -3072 -4568 ) 
4 336 337 (-6144 -3072 -4568 ) (-6144 -3072 4568 ) (-6144 -2048 4568 ) (-6144 -2048 -4568 ) 
4 337 341 (-6144 -3072 -4568 ) (-6144 -3072 4568 ) (-7168 -3072 4568 ) (-7168 -3072 -4568 ) 
4 337 338 (-7168 -2048 4568 ) (-7168 -2048 -4568 ) (-7168 -3072 -4568 ) (-7168 -3072 4568 ) 
4 338 349 (-8192 -3072 -4568 ) (-8192 -3072 4568 ) (-8192 -2048 4568 ) (-8192 -2048 -4568 ) 
4 338 342 (-8192 -3072 4568 ) (-8192 -3072 -4568 ) (-7168 -3072 -4568 ) (-7168 -3072 4568 ) 
4 339 341 (-6144 -3072 4568 ) (-6144 -3072 -4568 ) (-6144 -4096 -4568 ) (-6144 -4096 4568 ) 
4 339 340 (-5120 -4096 -4568 ) (-5120 -4096 4568 ) (-6144 -4096 4568 ) (-6144 -4096 -4568 ) 
4 340 380 (-5120 -5120 -4568 ) (-5120 -5120 4568 ) (-6144 -5120 4568 ) (-6144 -5120 -4568 ) 
4 340 343 (-6144 -5120 -4568 ) (-6144 -5120 4568 ) (-6144 -4096 4568 ) (-6144 -4096 -4568 ) 
4 341 343 (-6144 -4096 -4568 ) (-6144 -4096 4568 ) (-7168 -4096 4568 ) (-7168 -4096 -4568 ) 
4 341 342 (-7168 -3072 4568 ) (-7168 -3072 -4568 ) (-7168 -4096 -4568 ) (-7168 -4096 4568 ) 
4 342 351 (-8192 -4096 -4568 ) (-8192 -4096 4568 ) (-8192 -3072 4568 ) (-8192 -3072 -4568 ) 
4 342 344 (-8192 -4096 4568 ) (-8192 -4096 -4568 ) (-7168 -4096 -4568 ) (-7168 -4096 4568 ) 
4 343 381 (-6144 -5120 -4568 ) (-6144 -5120 4568 ) (-7168 -5120 4568 ) (-7168 -5120 -4568 ) 
4 343 344 (-7168 -4096 4568 ) (-7168 -4096 -4568 ) (-7168 -5120 -4568 ) (-7168 -5120 4568 ) 
4 344 382 (-7168 -5120 -4568 ) (-7168 -5120 4568 ) (-8192 -5120 4568 ) (-8192 -5120 -4568 ) 
4 344 352 (-8192 -5120 -4568 ) (-8192 -5120 4568 ) (-8192 -4096 4568 ) (-8192 -4096 -4568 ) 
4 345 347 (-9216 -1024 -4568 ) (-9216 -1024 4568 ) (-9216 0 4568 ) (-9216 0 -4568 ) 
4 345 346 (-8192 -1024 -4568 ) (-8192 -1024 4568 ) (-9216 -1024 4568 ) (-9216 -1024 -4568 ) 
4 346 349 (-8192 -2048 -4568 ) (-8192 -2048 4568 ) (-9216 -2048 4568 ) (-9216 -2048 -4568 ) 
4 346 348 (-9216 -2048 -4568 ) (-9216 -2048 4568 ) (-9216 -1024 4568 ) (-9216 -1024 -4568 ) 
4 347 348 (-9216 -1024 -4568 ) (-9216 -1024 4568 ) (-9464 -1024 4568 ) (-9464 -1024 -4568 ) 
4 348 350 (-9216 -2048 -4568 ) (-9216 -2048 4568 ) (-9464 -2048 4568 ) (-9464 -2048 -4568 ) 
4 349 351 (-8192 -3072 -4568 ) (-8192 -3072 4568 ) (-9216 -3072 4568 ) (-9216 -3072 -4568 ) 
4 349 350 (-9216 -3072 -4568 ) (-9216 -3072 4568 ) (-9216 -2048 4568 ) (-9216 -2048 -4568 ) 
4 350 353 (-9216 -3072 -4568 ) (-9216 -3072 4568 ) (-9464 -3072 4568 ) (-9464 -3072 -4568 ) 
4 351 353 (-9216 -3072 4568 ) (-9216 -3072 -4568 ) (-9216 -4096 -4568 ) (-9216 -4096 4568 ) 
4 351 352 (-8192 -4096 -4568 ) (-8192 -4096 4568 ) (-9216 -4096 4568 ) (-9216 -4096 -4568 ) 
4 352 389 (-8192 -5120 -4568 ) (-8192 -5120 4568 ) (-9216 -5120 4568 ) (-9216 -5120 -4568 ) 
4 352 354 (-9216 -5120 -4568 ) (-9216 -5120 4568 ) (-9216 -4096 4568 ) (-9216 -4096 -4568 ) 
4 353 354 (-9216 -4096 -4568 ) (-9216 -4096 4568 ) (-9464 -4096 4568 ) (-9464 -4096 -4568 ) 
4 354 390 (-9216 -5120 -4568 ) (-9216 -5120 4568 ) (-9464 -5120 4568 ) (-9464 -5120 -4568 ) 
4 355 357 (0 -6144 -4568 ) (0 -6144 4568 ) (-1024 -6144 4568 ) (-1024 -6144 -4568 ) 
4 355 356 (-1024 -5120 4568 ) (-1024 -5120 -4568 ) (-1024 -6144 -4568 ) (-1024 -6144 4568 ) 
4 356 361 (-2048 -5120 4568 ) (-2048 -5120 -4568 ) (-2048 -6144 -4568 ) (-2048 -6144 4568 ) 
4 356 358 (-1024 -6144 -4568 ) (-1024 -6144 4568 ) (-2048 -6144 4568 ) (-2048 -6144 -4568 ) 
4 357 359 (0 -7168 -4568 ) (0 -7168 4568 ) (-1024 -7168 4568 ) (-1024 -7168 -4568 ) 
4 357 358 (-1024 -7168 -4568 ) (-1024 -7168 4568 ) (-1024 -6144 4568 ) (-1024 -6144 -4568 ) 
4 358 364 (-2048 -7168 -4568 ) (-2048 -7168 4568 ) (-2048 -6144 4568 ) (-2048 -6144 -4568 ) 
4 358 360 (-2048 -7168 4568 ) (-2048 -7168 -4568 ) (-1024 -7168 -4568 ) (-1024 -7168 4568 ) 
4 359 370 (0 -8192 -4568 ) (0 -8192 4568 ) (-1024 -8192 4568 ) (-1024 -8192 -4568 ) 
4 359 360 (-1024 -7168 4568 ) (-1024 -7168 -4568 ) (-1024 -8192 -4568 ) (-1024 -8192 4568 ) 
4 360 371 (-1024 -8192 -4568 ) (-1024 -8192 4568 ) (-2048 -8192 4568 ) (-2048 -8192 -4568 ) 
4 360 365 (-2048 -8192 -4568 ) (-2048 -8192 4568 ) (-2048 -7168 4568 ) (-2048 -7168 -4568 ) 
4 361 364 (-2048 -6144 -4568 ) (-2048 -6144 4568 ) (-3072 -6144 4568 ) (-3072 -6144 -4568 ) 
4 361 362 (-3072 -5120 4568 ) (-3072 -5120 -4568 ) (-3072 -6144 -4568 ) (-3072 -6144 4568 ) 
4 362 366 (-3072 -6144 -4568 ) (-3072 -6144 4568 ) (-4096 -6144 4568 ) (-4096 -6144 -4568 ) 
4 362 363 (-4096 -6144 -4568 ) (-4096 -6144 4568 ) (-4096 -5120 4568 ) (-4096 -5120 -4568 ) 
4 363 380 (-5120 -5120 4568 ) (-5120 -5120 -4568 ) (-5120 -6144 -4568 ) (-5120 -6144 4568 ) 
4 363 367 (-4096 -6144 -4568 ) (-4096 -6144 4568 ) (-5120 -6144 4568 ) (-5120 -6144 -4568 ) 
4 364 366 (-3072 -6144 4568 ) (-3072 -6144 -4568 ) (-3072 -7168 -4568 ) (-3072 -7168 4568 ) 
4 364 365 (-2048 -7168 -4568 ) (-2048 -7168 4568 ) (-3072 -7168 4568 ) (-3072 -7168 -4568 ) 
4 365 374 (-2048 -8192 -4568 ) (-2048 -8192 4568 ) (-3072 -8192 4568 ) (-3072 -8192 -4568 ) 
4 365 368 (-3072 -8192 -4568 ) (-3072 -8192 4568 ) (-3072 -7168 4568 ) (-3072 -7168 -4568 ) 
4 366 368 (-3072 -7168 -4568 ) (-3072 -7168 4568 ) (-4096 -7168 4568 ) (-4096 -7168 -4568 ) 
4 366 367 (-4096 -6144 4568 ) (-4096 -6144 -4568 ) (-4096 -7168 -4568 ) (-4096 -7168 4568 ) 
4 367 383 (-5120 -7168 -4568 ) (-5120 -7168 4568 ) (-5120 -6144 4568 ) (-5120 -6144 -4568 ) 
4 367 369 (-4096 -7168 -4568 ) (-4096 -7168 4568 ) (-5120 -7168 4568 ) (-5120 -7168 -4568 ) 
4 368 375 (-3072 -8192 -4568 ) (-3072 -8192 4568 ) (-4096 -8192 4568 ) (-4096 -8192 -4568 ) 
4 368 369 (-4096 -7168 4568 ) (-4096 -7168 -4568 ) (-4096 -8192 -4568 ) (-4096 -8192 4568 ) 
4 369 384 (-5120 -8192 -4568 ) (-5120 -8192 4568 ) (-5120 -7168 4568 ) (-5120 -7168 -4568 ) 
4 369 376 (-4096 -8192 -4568 ) (-4096 -8192 4568 ) (-5120 -8192 4568 ) (-5120 -8192 -4568 ) 
4 370 372 (0 -9216 -4568 ) (0 -9216 4568 ) (-1024 -9216 4568 ) (-1024 -9216 -4568 ) 
4 370 371 (-1024 -8192 4568 ) (-1024 -8192 -4568 ) (-1024 -9216 -4568 ) (-1024 -9216 4568 ) 
4 371 374 (-2048 -8192 4568 ) (-2048 -8192 -4568 ) (-2048 -9216 -4568 ) (-2048 -9216 4568 ) 
4 371 373 (-1024 -9216 -4568 ) (-1024 -9216 4568 ) (-2048 -9216 4568 ) (-2048 -9216 -4568 ) 
4 372 373 (-1024 -9264 4568 ) (-1024 -9216 4568 ) (-1024 -9216 -4568 ) (-1024 -9264 -4568 ) 
4 373 377 (-2048 -9264 4568 ) (-2048 -9216 4568 ) (-2048 -9216 -4568 ) (-2048 -9264 -4568 ) 
4 374 377 (-2048 -9216 -4568 ) (-2048 -9216 4568 ) (-3072 -9216 4568 ) (-3072 -9216 -4568 ) 
4 374 375 (-3072 -8192 4568 ) (-3072 -8192 -4568 ) (-3072 -9216 -4568 ) (-3072 -9216 4568 ) 
4 375 378 (-3072 -9216 -4568 ) (-3072 -9216 4568 ) (-4096 -9216 4568 ) (-4096 -9216 -4568 ) 
4 375 376 (-4096 -9216 -4568 ) (-4096 -9216 4568 ) (-4096 -8192 4568 ) (-4096 -8192 -4568 ) 
4 376 395 (-5120 -9216 -4568 ) (-5120 -9216 4568 ) (-5120 -8192 4568 ) (-5120 -8192 -4568 ) 
4 376 379 (-4096 -9216 -4568 ) (-4096 -9216 4568 ) (-5120 -9216 4568 ) (-5120 -9216 -4568 ) 
4 377 378 (-3072 -9216 4568 ) (-3072 -9216 -4568 ) (-3072 -9264 -4568 ) (-3072 -9264 4568 ) 
4 378 379 (-4096 -9216 4568 ) (-4096 -9216 -4568 ) (-4096 -9264 -4568 ) (-4096 -9264 4568 ) 
4 379 398 (-5120 -9264 4568 ) (-5120 -9216 4568 ) (-5120 -9216 -4568 ) (-5120 -9264 -4568 ) 
4 380 383 (-5120 -6144 -4568 ) (-5120 -6144 4568 ) (-6144 -6144 4568 ) (-6144 -6144 -4568 ) 
4 380 381 (-6144 -5120 4568 ) (-6144 -5120 -4568 ) (-6144 -6144 -4568 ) (-6144 -6144 4568 ) 
4 381 385 (-6144 -6144 -4568 ) (-6144 -6144 4568 ) (-7168 -6144 4568 ) (-7168 -6144 -4568 ) 
4 381 382 (-7168 -6144 -4568 ) (-7168 -6144 4568 ) (-7168 -5120 4568 ) (-7168 -5120 -4568 ) 
4 382 389 (-8192 -5120 4568 ) (-8192 -5120 -4568 ) (-8192 -6144 -4568 ) (-8192 -6144 4568 ) 
4 382 386 (-7168 -6144 -4568 ) (-7168 -6144 4568 ) (-8192 -6144 4568 ) (-8192 -6144 -4568 ) 
4 383 385 (-6144 -6144 4568 ) (-6144 -6144 -4568 ) (-6144 -7168 -4568 ) (-6144 -7168 4568 ) 
4 383 384 (-5120 -7168 -4568 ) (-5120 -7168 4568 ) (-6144 -7168 4568 ) (-6144 -7168 -4568 ) 
4 384 395 (-5120 -8192 -4568 ) (-5120 -8192 4568 ) (-6144 -8192 4568 ) (-6144 -8192 -4568 ) 
4 384 387 (-6144 -8192 -4568 ) (-6144 -8192 4568 ) (-6144 -7168 4568 ) (-6144 -7168 -4568 ) 
4 385 387 (-6144 -7168 -4568 ) (-6144 -7168 4568 ) (-7168 -7168 4568 ) (-7168 -7168 -4568 ) 
4 385 386 (-7168 -6144 4568 ) (-7168 -6144 -4568 ) (-7168 -7168 -4568 ) (-7168 -7168 4568 ) 
4 386 391 (-8192 -7168 -4568 ) (-8192 -7168 4568 ) (-8192 -6144 4568 ) (-8192 -6144 -4568 ) 
4 386 388 (-7168 -7168 -4568 ) (-7168 -7168 4568 ) (-8192 -7168 4568 ) (-8192 -7168 -4568 ) 
4 387 396 (-6144 -8192 -4568 ) (-6144 -8192 4568 ) (-7168 -8192 4568 ) (-7168 -8192 -4568 ) 
4 387 388 (-7168 -7168 4568 ) (-7168 -7168 -4568 ) (-7168 -8192 -4568 ) (-7168 -8192 4568 ) 
4 388 397 (-7168 -8192 -4568 ) (-7168 -8192 4568 ) (-8192 -8192 4568 ) (-8192 -8192 -4568 ) 
4 388 392 (-8192 -8192 -4568 ) (-8192 -8192 4568 ) (-8192 -7168 4568 ) (-8192 -7168 -4568 ) 
4 389 391 (-8192 -6144 -4568 ) (-8192 -6144 4568 ) (-9216 -6144 4568 ) (-9216 -6144 -4568 ) 
4 389 390 (-9216 -5120 4568 ) (-9216 -5120 -4568 ) (-9216 -6144 -4568 ) (-9216 -6144 4568 ) 
4 390 393 (-9216 -6144 -4568 ) (-9216 -6144 4568 ) (-9464 -6144 4568 ) (-9464 -6144 -4568 ) 
4 391 393 (-9216 -6144 4568 ) (-9216 -6144 -4568 ) (-9216 -7168 -4568 ) (-9216 -7168 4568 ) 
4 391 392 (-8192 -7168 -4568 ) (-8192 -7168 4568 ) (-9216 -7168 4568 ) (-9216 -7168 -4568 ) 
4 392 401 (-8192 -8192 -4568 ) (-8192 -8192 4568 ) (-9216 -8192 4568 ) (-9216 -8192 -4568 ) 
4 392 394 (-9216 -8192 -4568 ) (-9216 -8192 4568 ) (-9216 -7168 4568 ) (-9216 -7168 -4568 ) 
4 393 394 (-9216 -7168 -4568 ) (-9216 -7168 4568 ) (-9464 -7168 4568 ) (-9464 -7168 -4568 ) 
4 394 402 (-9216 -8192 -4568 ) (-9216 -8192 4568 ) (-9464 -8192 4568 ) (-9464 -8192 -4568 ) 
4 395 398 (-5120 -9216 -4568 ) (-5120 -9216 4568 ) (-6144 -9216 4568 ) (-6144 -9216 -4568 ) 
4 395 396 (-6144 -8192 4568 ) (-6144 -8192 -4568 ) (-6144 -9216 -4568 ) (-6144 -9216 4568 ) 
4 396 399 (-6144 -9216 -4568 ) (-6144 -9216 4568 ) (-7168 -9216 4568 ) (-7168 -9216 -4568 ) 
4 396 397 (-7168 -9216 -4568 ) (-7168 -9216 4568 ) (-7168 -8192 4568 ) (-7168 -8192 -4568 ) 
4 397 401 (-8192 -8192 4568 ) (-8192 -8192 -4568 ) (-8192 -9216 -4568 ) (-8192 -9216 4568 ) 
4 397 400 (-7168 -9216 -4568 ) (-7168 -9216 4568 ) (-8192 -9216 4568 ) (-8192 -9216 -4568 ) 
4 398 399 (-6144 -9216 4568 ) (-6144 -9216 -4568 ) (-6144 -9264 -4568 ) (-6144 -9264 4568 ) 
4 399 400 (-7168 -9216 4568 ) (-7168 -9216 -4568 ) (-7168 -9264 -4568 ) (-7168 -9264 4568 ) 
4 400 403 (-8192 -9264 4568 ) (-8192 -9216 4568 ) (-8192 -9216 -4568 ) (-8192 -9264 -4568 ) 
4 401 403 (-8192 -9216 -4568 ) (-8192 -9216 4568 ) (-9216 -9216 4568 ) (-9216 -9216 -4568 ) 
4 401 402 (-9216 -8192 4568 ) (-9216 -8192 -4568 ) (-9216 -9216 -4568 ) (-9216 -9216 4568 ) 
4 402 404 (-9216 -9216 -4568 ) (-9216 -9216 4568 ) (-9464 -9216 4568 ) (-9464 -9216 -4568 ) 
4 403 404 (-9216 -9216 4568 ) (-9216 -9216 -4568 ) (-9216 -9264 -4568 ) (-9216 -9264 4568 ) 
