


materialPath: C:\Program Files (x86)\Steam\steamapps\sourcemods\momentum\materials
Loading c:\dev\surf_strafe\surf_strafe.vmf
Could not locate 'GameData' key in c:\program files (x86)\steam\steamapps\sourcemods\momentum\gameinfo.txt
fixing up env_cubemap materials on brush sides...
0...1...2...3...4...5...6...7...8...9...100...1...2...3...4...5...6...7...8...9...10Processing areas...done (0)
Building Faces...done (0)
FixTjuncs...
PruneNodes...
WriteBSP...
done (0)
writing c:\dev\surf_strafe\surf_strafe.prt...Building visibility clusters...
done (0)
Creating default LDR cubemaps for env_cubemap using skybox materials:
   skybox/sky_day01_01*.vmt
 ! Run buildcubemaps in the engine to get the correct cube maps.
Creating default HDR cubemaps for env_cubemap using skybox materials:
   skybox/sky_day01_01*.vmt
 ! Run buildcubemaps in the engine to get the correct cube maps.
Finding displacement neighbors...
Finding lightmap sample positions...
Displacement Alpha : 0...1...2...3...4...5...6...7...8...9...10
Building Physics collision data...
done (0) (19938 bytes)
Placing detail props : 0...1...2...3...4...5...6...7...8...9...10
Compacting texture/material tables...
Reduced 158 texinfos to 148
Reduced 7 texdatas to 7 (238 bytes to 238)
Writing c:\dev\surf_strafe\surf_strafe.bsp
Wrote ZIP buffer, estimated size 105889, actual size 105675
0 seconds elapsed



8 threads
reading c:\dev\surf_strafe\surf_strafe.bsp
reading c:\dev\surf_strafe\surf_strafe.prt
 793 portalclusters
2397 numportals
0...1...2...3...4...5...6...7...8...9...10Optimized: 9 visible clusters (0.00%)
Total clusters visible: 628405
Average clusters visible: 792
Building PAS...
Average clusters audible: 793
visdatasize:164948  compressed from 164944
writing c:\dev\surf_strafe\surf_strafe.bsp
0 seconds elapsed



materialPath: C:\Program Files (x86)\Steam\steamapps\sourcemods\momentum\materials
Loading c:\dev\surf_strafe\surf_strafe.vmf
Could not locate 'GameData' key in c:\program files (x86)\steam\steamapps\sourcemods\momentum\gameinfo.txt
fixing up env_cubemap materials on brush sides...
0...1...2...3...4...5...6...7...8...9...100...1...2...3...4...5...6...7...8...9...10Processing areas...done (0)
Building Faces...done (0)
FixTjuncs...
PruneNodes...
WriteBSP...
done (0)
writing c:\dev\surf_strafe\surf_strafe.prt...Building visibility clusters...
done (0)
Creating default LDR cubemaps for env_cubemap using skybox materials:
   skybox/sky_day01_01*.vmt
 ! Run buildcubemaps in the engine to get the correct cube maps.
Creating default HDR cubemaps for env_cubemap using skybox materials:
   skybox/sky_day01_01*.vmt
 ! Run buildcubemaps in the engine to get the correct cube maps.
Finding displacement neighbors...
Finding lightmap sample positions...
Displacement Alpha : 0...1...2...3...4...5...6...7...8...9...10
Building Physics collision data...
done (0) (19906 bytes)
Placing detail props : 0...1...2...3...4...5...6...7...8...9...10
Compacting texture/material tables...
Reduced 166 texinfos to 152
Reduced 7 texdatas to 7 (238 bytes to 238)
Writing c:\dev\surf_strafe\surf_strafe.bsp
Wrote ZIP buffer, estimated size 105889, actual size 105675
0 seconds elapsed



8 threads
reading c:\dev\surf_strafe\surf_strafe.bsp
reading c:\dev\surf_strafe\surf_strafe.prt
 793 portalclusters
2397 numportals
0...1...2...3...4...5...6...7...8...9...10Optimized: 9 visible clusters (0.00%)
Total clusters visible: 628405
Average clusters visible: 792
Building PAS...
Average clusters audible: 793
visdatasize:164948  compressed from 164944
writing c:\dev\surf_strafe\surf_strafe.bsp
0 seconds elapsed



materialPath: C:\Program Files (x86)\Steam\steamapps\sourcemods\momentum\materials
Loading c:\dev\surf_strafe\surf_strafe.vmf
Could not locate 'GameData' key in c:\program files (x86)\steam\steamapps\sourcemods\momentum\gameinfo.txt
fixing up env_cubemap materials on brush sides...
0...1...2...3...4...5...6...7...8...9...100...1...2...3...4...5...6...7...8...9...10Processing areas...done (0)
Building Faces...done (0)
FixTjuncs...
PruneNodes...
WriteBSP...
done (0)
writing c:\dev\surf_strafe\surf_strafe.prt...Building visibility clusters...
done (0)
Creating default LDR cubemaps for env_cubemap using skybox materials:
   skybox/sky_day01_01*.vmt
 ! Run buildcubemaps in the engine to get the correct cube maps.
Creating default HDR cubemaps for env_cubemap using skybox materials:
   skybox/sky_day01_01*.vmt
 ! Run buildcubemaps in the engine to get the correct cube maps.
Finding displacement neighbors...
Finding lightmap sample positions...
Displacement Alpha : 0...1...2...3...4...5...6...7...8...9...10
Building Physics collision data...
done (0) (19906 bytes)
Placing detail props : 0...1...2...3...4...5...6...7...8...9...10
Compacting texture/material tables...
Reduced 166 texinfos to 152
Reduced 7 texdatas to 7 (238 bytes to 238)
Writing c:\dev\surf_strafe\surf_strafe.bsp
Wrote ZIP buffer, estimated size 105889, actual size 105675
0 seconds elapsed



8 threads
reading c:\dev\surf_strafe\surf_strafe.bsp
reading c:\dev\surf_strafe\surf_strafe.prt
 793 portalclusters
2397 numportals
0...1...2...3...4...5...6...7...8...9...10Optimized: 9 visible clusters (0.00%)
Total clusters visible: 628405
Average clusters visible: 792
Building PAS...
Average clusters audible: 793
visdatasize:164948  compressed from 164944
writing c:\dev\surf_strafe\surf_strafe.bsp
0 seconds elapsed



materialPath: C:\Program Files (x86)\Steam\steamapps\sourcemods\momentum\materials
Loading c:\dev\surf_strafe\surf_strafe.vmf
ConVarRef mat_reduceparticles doesn't point to an existing ConVar
Could not locate 'GameData' key in c:\program files (x86)\steam\steamapps\sourcemods\momentum\gameinfo.txt
fixing up env_cubemap materials on brush sides...
0...1...2...3...4...5...6...7...8...9...100...1...2...3...4...5...6...7...8...9...10Processing areas...done (0)
Building Faces...done (0)
FixTjuncs...
PruneNodes...
WriteBSP...
done (0)
writing c:\dev\surf_strafe\surf_strafe.prt...Building visibility clusters...
done (0)
Creating default LDR cubemaps for env_cubemap using skybox materials:
   skybox/sky_day01_01*.vmt
 ! Run buildcubemaps in the engine to get the correct cube maps.
Creating default HDR cubemaps for env_cubemap using skybox materials:
   skybox/sky_day01_01*.vmt
 ! Run buildcubemaps in the engine to get the correct cube maps.
Finding displacement neighbors...
Finding lightmap sample positions...
Displacement Alpha : 0...1...2...3...4...5...6...7...8...9...10
Building Physics collision data...
done (0) (23294 bytes)
Placing detail props : 0...1...2...3...4...5...6...7...8...9...10
Compacting texture/material tables...
Reduced 175 texinfos to 158
Reduced 9 texdatas to 9 (312 bytes to 312)
Writing c:\dev\surf_strafe\surf_strafe.bsp
Wrote ZIP buffer, estimated size 105889, actual size 105675
0 seconds elapsed



8 threads
reading c:\dev\surf_strafe\surf_strafe.bsp
reading c:\dev\surf_strafe\surf_strafe.prt
 961 portalclusters
3096 numportals
0...1...2...3...4...5...6...7...8...9...10Optimized: 34 visible clusters (0.00%)
Total clusters visible: 922990
Average clusters visible: 960
Building PAS...
Average clusters audible: 961
visdatasize:240254  compressed from 246016
writing c:\dev\surf_strafe\surf_strafe.bsp
0 seconds elapsed



materialPath: C:\Program Files (x86)\Steam\steamapps\sourcemods\momentum\materials
Loading c:\dev\surf_strafe\surf_strafe.vmf
ConVarRef mat_reduceparticles doesn't point to an existing ConVar
Could not locate 'GameData' key in c:\program files (x86)\steam\steamapps\sourcemods\momentum\gameinfo.txt
fixing up env_cubemap materials on brush sides...
0...1...2...3...4...5...6...7...8...9...100...1...2...3...4...5...6...7...8...9...10Processing areas...done (0)
Building Faces...done (0)
FixTjuncs...
PruneNodes...
WriteBSP...
done (0)
writing c:\dev\surf_strafe\surf_strafe.prt...Building visibility clusters...
done (0)
material "skybox/sky_sky01rt" not found.
Can't load skybox file skybox/sky_sky01 to build the default cubemap!
Can't load skybox file skybox/sky_sky01 to build the default cubemap!
Finding displacement neighbors...
Finding lightmap sample positions...
Displacement Alpha : 0...1...2...3...4...5...6...7...8...9...10
Building Physics collision data...
done (0) (23294 bytes)
Placing detail props : 0...1...2...3...4...5...6...7...8...9...10
Compacting texture/material tables...
Reduced 175 texinfos to 158
Reduced 9 texdatas to 9 (312 bytes to 312)
Writing c:\dev\surf_strafe\surf_strafe.bsp
ZIP Output overshot buffer estimate: Estimated 0, actual 54
0 seconds elapsed
CMaterialDict::Shutdown m_MissingList count: 1



8 threads
reading c:\dev\surf_strafe\surf_strafe.bsp
reading c:\dev\surf_strafe\surf_strafe.prt
 961 portalclusters
3096 numportals
0...1...2...3...4...5...6...7...8...9...10Optimized: 34 visible clusters (0.00%)
Total clusters visible: 922990
Average clusters visible: 960
Building PAS...
Average clusters audible: 961
visdatasize:240254  compressed from 246016
writing c:\dev\surf_strafe\surf_strafe.bsp
ZIP Output overshot buffer estimate: Estimated 0, actual 54
0 seconds elapsed



materialPath: C:\Program Files (x86)\Steam\steamapps\sourcemods\momentum\materials
Loading c:\dev\surf_strafe\surf_strafe.vmf
ConVarRef mat_reduceparticles doesn't point to an existing ConVar
Could not locate 'GameData' key in c:\program files (x86)\steam\steamapps\sourcemods\momentum\gameinfo.txt
fixing up env_cubemap materials on brush sides...
0...1...2...3...4...5...6...7...8...9...100...1...2...3...4...5...6...7...8...9...10Processing areas...done (0)
Building Faces...done (0)
FixTjuncs...
PruneNodes...
WriteBSP...
done (0)
writing c:\dev\surf_strafe\surf_strafe.prt...Building visibility clusters...
done (0)
Creating default LDR cubemaps for env_cubemap using skybox materials:
   skybox/sky_skylab_01*.vmt
 ! Run buildcubemaps in the engine to get the correct cube maps.
Creating default HDR cubemaps for env_cubemap using skybox materials:
   skybox/sky_skylab_01*.vmt
 ! Run buildcubemaps in the engine to get the correct cube maps.
Finding displacement neighbors...
Finding lightmap sample positions...
Displacement Alpha : 0...1...2...3...4...5...6...7...8...9...10
Building Physics collision data...
done (0) (23294 bytes)
Placing detail props : 0...1...2...3...4...5...6...7...8...9...10
Compacting texture/material tables...
Reduced 175 texinfos to 158
Reduced 9 texdatas to 9 (312 bytes to 312)
Writing c:\dev\surf_strafe\surf_strafe.bsp
Wrote ZIP buffer, estimated size 82096, actual size 81882
1 second elapsed



8 threads
reading c:\dev\surf_strafe\surf_strafe.bsp
reading c:\dev\surf_strafe\surf_strafe.prt
 961 portalclusters
3096 numportals
0...1...2...3...4...5...6...7...8...9...10Optimized: 34 visible clusters (0.00%)
Total clusters visible: 922990
Average clusters visible: 960
Building PAS...
Average clusters audible: 961
visdatasize:240254  compressed from 246016
writing c:\dev\surf_strafe\surf_strafe.bsp
0 seconds elapsed



materialPath: C:\Program Files (x86)\Steam\steamapps\sourcemods\momentum\materials
Loading c:\dev\surf_strafe\surf_strafe.vmf
ConVarRef mat_reduceparticles doesn't point to an existing ConVar
Could not locate 'GameData' key in c:\program files (x86)\steam\steamapps\sourcemods\momentum\gameinfo.txt
fixing up env_cubemap materials on brush sides...
0...1...2...3...4...5...6...7...8...9...100...1...2...3...4...5...6...7...8...9...10Processing areas...done (0)
Building Faces...done (0)
FixTjuncs...
PruneNodes...
WriteBSP...
done (0)
writing c:\dev\surf_strafe\surf_strafe.prt...Building visibility clusters...
done (0)
Creating default LDR cubemaps for env_cubemap using skybox materials:
   skybox/sky_skylab_01*.vmt
 ! Run buildcubemaps in the engine to get the correct cube maps.
Creating default HDR cubemaps for env_cubemap using skybox materials:
   skybox/sky_skylab_01*.vmt
 ! Run buildcubemaps in the engine to get the correct cube maps.
Finding displacement neighbors...
Finding lightmap sample positions...
Displacement Alpha : 0...1...2...3...4...5...6...7...8...9...10
Building Physics collision data...
done (0) (24026 bytes)
Placing detail props : 0...1...2...3...4...5...6...7...8...9...10
Compacting texture/material tables...
Reduced 187 texinfos to 159
Reduced 9 texdatas to 9 (312 bytes to 312)
Writing c:\dev\surf_strafe\surf_strafe.bsp
Wrote ZIP buffer, estimated size 82096, actual size 81882
1 second elapsed



8 threads
reading c:\dev\surf_strafe\surf_strafe.bsp
reading c:\dev\surf_strafe\surf_strafe.prt
 793 portalclusters
2397 numportals
0...1...2...3...4...5...6...7...8...9...10Optimized: 10 visible clusters (0.00%)
Total clusters visible: 628402
Average clusters visible: 792
Building PAS...
Average clusters audible: 793
visdatasize:164948  compressed from 164944
writing c:\dev\surf_strafe\surf_strafe.bsp
0 seconds elapsed



materialPath: C:\Program Files (x86)\Steam\steamapps\sourcemods\momentum\materials
Loading c:\dev\surf_strafe\surf_strafe.vmf
ConVarRef mat_reduceparticles doesn't point to an existing ConVar
Could not locate 'GameData' key in c:\program files (x86)\steam\steamapps\sourcemods\momentum\gameinfo.txt
fixing up env_cubemap materials on brush sides...
0...1...2...3...4...5...6...7...8...9...100...1...2...3...4...5...6...7...8...9...10Processing areas...done (0)
Building Faces...done (0)
FixTjuncs...
PruneNodes...
WriteBSP...
done (0)
writing c:\dev\surf_strafe\surf_strafe.prt...Building visibility clusters...
done (0)
Creating default LDR cubemaps for env_cubemap using skybox materials:
   skybox/sky_skylab_01*.vmt
 ! Run buildcubemaps in the engine to get the correct cube maps.
Creating default HDR cubemaps for env_cubemap using skybox materials:
   skybox/sky_skylab_01*.vmt
 ! Run buildcubemaps in the engine to get the correct cube maps.
Finding displacement neighbors...
Finding lightmap sample positions...
Displacement Alpha : 0...1...2...3...4...5...6...7...8...9...10
Building Physics collision data...
done (0) (26104 bytes)
Placing detail props : 0...1...2...3...4...5...6...7...8...9...10
Compacting texture/material tables...
Reduced 193 texinfos to 162
Reduced 10 texdatas to 10 (329 bytes to 329)
Writing c:\dev\surf_strafe\surf_strafe.bsp
Wrote ZIP buffer, estimated size 82096, actual size 81882
1 second elapsed



8 threads
reading c:\dev\surf_strafe\surf_strafe.bsp
reading c:\dev\surf_strafe\surf_strafe.prt
 793 portalclusters
2397 numportals
0...1...2...3...4...5...6...7...8...9...10Optimized: 10 visible clusters (0.00%)
Total clusters visible: 628402
Average clusters visible: 792
Building PAS...
Average clusters audible: 793
visdatasize:164948  compressed from 164944
writing c:\dev\surf_strafe\surf_strafe.bsp
0 seconds elapsed



materialPath: C:\Program Files (x86)\Steam\steamapps\sourcemods\momentum\materials
Loading c:\dev\surf_strafe\surf_strafe.vmf
ConVarRef mat_reduceparticles doesn't point to an existing ConVar
Could not locate 'GameData' key in c:\program files (x86)\steam\steamapps\sourcemods\momentum\gameinfo.txt
fixing up env_cubemap materials on brush sides...
0...1...2...3...4...5...6...7...8...9...100...1...2...3...4...5...6...7...8...9...10Processing areas...done (0)
Building Faces...done (0)
FixTjuncs...
PruneNodes...
WriteBSP...
done (0)
writing c:\dev\surf_strafe\surf_strafe.prt...Building visibility clusters...
done (0)
Creating default LDR cubemaps for env_cubemap using skybox materials:
   skybox/sky_skylab_01*.vmt
 ! Run buildcubemaps in the engine to get the correct cube maps.
Creating default HDR cubemaps for env_cubemap using skybox materials:
   skybox/sky_skylab_01*.vmt
 ! Run buildcubemaps in the engine to get the correct cube maps.
Finding displacement neighbors...
Finding lightmap sample positions...
Displacement Alpha : 0...1...2...3...4...5...6...7...8...9...10
Building Physics collision data...
done (1) (28182 bytes)
Placing detail props : 0...1...2...3...4...5...6...7...8...9...10
Compacting texture/material tables...
Reduced 199 texinfos to 165
Reduced 10 texdatas to 10 (329 bytes to 329)
Writing c:\dev\surf_strafe\surf_strafe.bsp
Wrote ZIP buffer, estimated size 82096, actual size 81882
1 second elapsed



8 threads
reading c:\dev\surf_strafe\surf_strafe.bsp
reading c:\dev\surf_strafe\surf_strafe.prt
 793 portalclusters
2393 numportals
0...1...2...3...4...5...6...7...8...9...10Optimized: 10 visible clusters (0.00%)
Total clusters visible: 628408
Average clusters visible: 792
Building PAS...
Average clusters audible: 793
visdatasize:164948  compressed from 164944
writing c:\dev\surf_strafe\surf_strafe.bsp
0 seconds elapsed



materialPath: C:\Program Files (x86)\Steam\steamapps\sourcemods\momentum\materials
Loading c:\dev\surf_strafe\surf_strafe.vmf
ConVarRef mat_reduceparticles doesn't point to an existing ConVar
Could not locate 'GameData' key in c:\program files (x86)\steam\steamapps\sourcemods\momentum\gameinfo.txt
fixing up env_cubemap materials on brush sides...
0...1...2...3...4...5...6...7...8...9...100...1...2...3...4...5...6...7...8...9...10Processing areas...done (0)
Building Faces...done (0)
Chop Details...done (0)
Find Visible Detail Sides...
Merged 24 detail faces...done (0)
Merging details...done (0)
FixTjuncs...
PruneNodes...
WriteBSP...
done (0)
writing c:\dev\surf_strafe\surf_strafe.prt...Building visibility clusters...
done (0)
Creating default LDR cubemaps for env_cubemap using skybox materials:
   skybox/sky_skylab_01*.vmt
 ! Run buildcubemaps in the engine to get the correct cube maps.
Creating default HDR cubemaps for env_cubemap using skybox materials:
   skybox/sky_skylab_01*.vmt
 ! Run buildcubemaps in the engine to get the correct cube maps.
Finding displacement neighbors...
Finding lightmap sample positions...
Displacement Alpha : 0...1...2...3...4...5...6...7...8...9...10
Building Physics collision data...
done (0) (27808 bytes)
Placing detail props : 0...1...2...3...4...5...6...7...8...9...10
Compacting texture/material tables...
Reduced 196 texinfos to 165
Reduced 10 texdatas to 10 (329 bytes to 329)
Writing c:\dev\surf_strafe\surf_strafe.bsp
Wrote ZIP buffer, estimated size 82096, actual size 81882
1 second elapsed



8 threads
reading c:\dev\surf_strafe\surf_strafe.bsp
reading c:\dev\surf_strafe\surf_strafe.prt
 793 portalclusters
2393 numportals
0...1...2...3...4...5...6...7...8...9...10Optimized: 10 visible clusters (0.00%)
Total clusters visible: 628408
Average clusters visible: 792
Building PAS...
Average clusters audible: 793
visdatasize:164948  compressed from 164944
writing c:\dev\surf_strafe\surf_strafe.bsp
0 seconds elapsed



materialPath: C:\Program Files (x86)\Steam\steamapps\sourcemods\momentum\materials
Loading c:\dev\surf_strafe\surf_strafe.vmf
ConVarRef mat_reduceparticles doesn't point to an existing ConVar
Could not locate 'GameData' key in c:\program files (x86)\steam\steamapps\sourcemods\momentum\gameinfo.txt
fixing up env_cubemap materials on brush sides...
0...1...2...3...4...5...6...7...8...9...100...1...2...3...4...5...6...7...8...9...10Processing areas...done (0)
Building Faces...done (0)
Chop Details...done (0)
Find Visible Detail Sides...
Merged 8 detail faces...done (0)
Merging details...done (0)
FixTjuncs...
PruneNodes...
WriteBSP...
done (0)
writing c:\dev\surf_strafe\surf_strafe.prt...Building visibility clusters...
done (0)
Creating default LDR cubemaps for env_cubemap using skybox materials:
   skybox/sky_skylab_01*.vmt
 ! Run buildcubemaps in the engine to get the correct cube maps.
Creating default HDR cubemaps for env_cubemap using skybox materials:
   skybox/sky_skylab_01*.vmt
 ! Run buildcubemaps in the engine to get the correct cube maps.
Finding displacement neighbors...
Finding lightmap sample positions...
Displacement Alpha : 0...1...2...3...4...5...6...7...8...9...10
Building Physics collision data...
done (1) (28182 bytes)
Placing detail props : 0...1...2...3...4...5...6...7...8...9...10
Compacting texture/material tables...
Reduced 199 texinfos to 165
Reduced 10 texdatas to 10 (329 bytes to 329)
Writing c:\dev\surf_strafe\surf_strafe.bsp
Wrote ZIP buffer, estimated size 82096, actual size 81882
1 second elapsed



8 threads
reading c:\dev\surf_strafe\surf_strafe.bsp
reading c:\dev\surf_strafe\surf_strafe.prt
 400 portalclusters
 760 numportals
0...1...2...3...4...5...6...7...8...9...10Optimized: 0 visible clusters (0.00%)
Total clusters visible: 160000
Average clusters visible: 400
Building PAS...
Average clusters audible: 400
visdatasize:43204  compressed from 44800
writing c:\dev\surf_strafe\surf_strafe.bsp
0 seconds elapsed



materialPath: C:\Program Files (x86)\Steam\steamapps\sourcemods\momentum\materials
Loading c:\dev\surf_strafe\surf_strafe.vmf
ConVarRef mat_reduceparticles doesn't point to an existing ConVar
Could not locate 'GameData' key in c:\program files (x86)\steam\steamapps\sourcemods\momentum\gameinfo.txt
fixing up env_cubemap materials on brush sides...
0...1...2...3...4...5...6...7...8...9...100...1...2...3...4...5...6...7...8...9...10Processing areas...done (0)
Building Faces...done (0)
Chop Details...done (0)
Find Visible Detail Sides...
Merged 8 detail faces...done (0)
Merging details...done (0)
FixTjuncs...
PruneNodes...
WriteBSP...
done (0)
writing c:\dev\surf_strafe\surf_strafe.prt...Building visibility clusters...
done (0)
Creating default LDR cubemaps for env_cubemap using skybox materials:
   skybox/sky_skylab_01*.vmt
 ! Run buildcubemaps in the engine to get the correct cube maps.
Creating default HDR cubemaps for env_cubemap using skybox materials:
   skybox/sky_skylab_01*.vmt
 ! Run buildcubemaps in the engine to get the correct cube maps.
Finding displacement neighbors...
Finding lightmap sample positions...
Displacement Alpha : 0...1...2...3...4...5...6...7...8...9...10
Building Physics collision data...
done (1) (30904 bytes)
Placing detail props : 0...1...2...3...4...5...6...7...8...9...10
Compacting texture/material tables...
Reduced 210 texinfos to 172
Reduced 11 texdatas to 11 (350 bytes to 350)
Writing c:\dev\surf_strafe\surf_strafe.bsp
Wrote ZIP buffer, estimated size 82096, actual size 81882
1 second elapsed



8 threads
reading c:\dev\surf_strafe\surf_strafe.bsp
reading c:\dev\surf_strafe\surf_strafe.prt
 405 portalclusters
 779 numportals
0...1...2...3...4...5...6...7...8...9...10Optimized: 0 visible clusters (0.00%)
Total clusters visible: 164025
Average clusters visible: 405
Building PAS...
Average clusters audible: 405
visdatasize:44554  compressed from 45360
writing c:\dev\surf_strafe\surf_strafe.bsp
0 seconds elapsed



materialPath: C:\Program Files (x86)\Steam\steamapps\sourcemods\momentum\materials
Loading c:\dev\surf_strafe\surf_strafe.vmf
ConVarRef mat_reduceparticles doesn't point to an existing ConVar
Could not locate 'GameData' key in c:\program files (x86)\steam\steamapps\sourcemods\momentum\gameinfo.txt
fixing up env_cubemap materials on brush sides...
0...1...2...3...4...5...6...7...8...9...100...1...2...3...4...5...6...7...8...9...10Processing areas...done (0)
Building Faces...done (0)
Chop Details...done (0)
Find Visible Detail Sides...
Merged 8 detail faces...done (0)
Merging details...done (0)
FixTjuncs...
PruneNodes...
WriteBSP...
done (0)
writing c:\dev\surf_strafe\surf_strafe.prt...Building visibility clusters...
done (0)
Creating default LDR cubemaps for env_cubemap using skybox materials:
   skybox/sky_skylab_01*.vmt
 ! Run buildcubemaps in the engine to get the correct cube maps.
Creating default HDR cubemaps for env_cubemap using skybox materials:
   skybox/sky_skylab_01*.vmt
 ! Run buildcubemaps in the engine to get the correct cube maps.
Finding displacement neighbors...
Finding lightmap sample positions...
Displacement Alpha : 0...1...2...3...4...5...6...7...8...9...10
Building Physics collision data...
done (0) (31459 bytes)
Placing detail props : 0...1...2...3...4...5...6...7...8...9...10
Compacting texture/material tables...
Reduced 212 texinfos to 172
Reduced 11 texdatas to 11 (350 bytes to 350)
Writing c:\dev\surf_strafe\surf_strafe.bsp
Wrote ZIP buffer, estimated size 82096, actual size 81882
1 second elapsed



8 threads
reading c:\dev\surf_strafe\surf_strafe.bsp
reading c:\dev\surf_strafe\surf_strafe.prt
 405 portalclusters
 779 numportals
0...1...2...3...4...5...6...7...8...9...10Optimized: 0 visible clusters (0.00%)
Total clusters visible: 164025
Average clusters visible: 405
Building PAS...
Average clusters audible: 405
visdatasize:44554  compressed from 45360
writing c:\dev\surf_strafe\surf_strafe.bsp
0 seconds elapsed
